#
# There is insufficient memory for the Java Runtime Environment to continue.
# Native memory allocation (malloc) failed to allocate 620240 bytes for Chunk::new
# Possible reasons:
#   The system is out of physical RAM or swap space
#   The process is running with CompressedOops enabled, and the Java Heap may be blocking the growth of the native heap
# Possible solutions:
#   Reduce memory load on the system
#   Increase physical memory or swap space
#   Check if swap backing store is full
#   Decrease Java heap size (-Xmx/-Xms)
#   Decrease number of Java threads
#   Decrease Java thread stack sizes (-Xss)
#   Set larger code cache with -XX:ReservedCodeCacheSize=
#   JVM is running with Unscaled Compressed Oops mode in which the Java heap is
#     placed in the first 4GB address space. The Java Heap base address is the
#     maximum limit for the native heap growth. Please use -XX:HeapBaseMinAddress
#     to set the Java Heap base and to place the Java Heap above 4GB virtual address.
# This output file may be truncated or incomplete.
#
#  Out of Memory Error (arena.cpp:189), pid=63272, tid=61448
#
# JRE version: Java(TM) SE Runtime Environment (17.0.4.1+1) (build 17.0.4.1+1-LTS-2)
# Java VM: Java HotSpot(TM) 64-Bit Server VM (17.0.4.1+1-LTS-2, mixed mode, sharing, tiered, compressed oops, compressed class ptrs, g1 gc, windows-amd64)
# No core dump will be written. Minidumps are not enabled by default on client versions of Windows
#

---------------  S U M M A R Y ------------

Command Line: -ea -Didea.test.cyclic.buffer.size=1048576 -javaagent:C:\Program Files\JetBrains\IntelliJ IDEA Community Edition 2022.2.3\lib\idea_rt.jar=50939:C:\Program Files\JetBrains\IntelliJ IDEA Community Edition 2022.2.3\bin -Dfile.encoding=UTF-8 com.intellij.rt.testng.RemoteTestNGStarter -usedefaultlisteners false -socket50938 @w@C:\Users\Fadhlillah\AppData\Local\Temp\idea_working_dirs_testng2.tmp -temp C:\Users\Fadhlillah\AppData\Local\Temp\idea_testng2.tmp

Host: AMD Ryzen 5 5500U with Radeon Graphics         , 12 cores, 5G,  Windows 11 , 64 bit Build 22000 (10.0.22000.1335)
Time: Mon Dec 26 10:46:27 2022 SE Asia Standard Time elapsed time: 5.366088 seconds (0d 0h 0m 5s)

---------------  T H R E A D  ---------------

Current thread (0x00000213ff5cd260):  JavaThread "C2 CompilerThread0" daemon [_thread_in_native, id=61448, stack(0x0000006d49500000,0x0000006d49600000)]


Current CompileTask:
C2:   5366 2834       4       jdk.internal.org.objectweb.asm.SymbolTable::addConstantMemberReference (147 bytes)

Stack: [0x0000006d49500000,0x0000006d49600000]
Native frames: (J=compiled Java code, j=interpreted, Vv=VM code, C=native code)
V  [jvm.dll+0x6723ba]
V  [jvm.dll+0x7d1e34]
V  [jvm.dll+0x7d35de]
V  [jvm.dll+0x7d3c43]
V  [jvm.dll+0x243065]
V  [jvm.dll+0xaa57b]
V  [jvm.dll+0xaab0c]
V  [jvm.dll+0x360467]
V  [jvm.dll+0x1b9ee2]
V  [jvm.dll+0x2162f9]
V  [jvm.dll+0x2155c1]
V  [jvm.dll+0x1a1fcd]
V  [jvm.dll+0x224e08]
V  [jvm.dll+0x222f75]
V  [jvm.dll+0x787a0b]
V  [jvm.dll+0x781fca]
V  [jvm.dll+0x671245]
C  [ucrtbase.dll+0x26c0c]
C  [KERNEL32.DLL+0x155a0]
C  [ntdll.dll+0x485b]


---------------  P R O C E S S  ---------------

Threads class SMR info:
_java_thread_list=0x0000021385719310, length=26, elements={
0x00000213e4417b80, 0x00000213ff5acf40, 0x00000213ff5ad500, 0x00000213ff5bffe0,
0x00000213ff5c15b0, 0x00000213ff5c1b70, 0x00000213ff5c4140, 0x00000213ff5cd260,
0x00000213ff5d5830, 0x00000213ff5d5d40, 0x000002138298e370, 0x0000021382a56880,
0x0000021382a56d50, 0x0000021383d5ef60, 0x0000021383be2140, 0x0000021384311000,
0x00000213843d8d70, 0x00000213844b14e0, 0x0000021384495af0, 0x0000021384495fc0,
0x0000021384496490, 0x0000021384493e10, 0x0000021384495620, 0x0000021384493940,
0x0000021384492ad0, 0x0000021384492fa0
}

Java Threads: ( => current thread )
  0x00000213e4417b80 JavaThread "main" [_thread_blocked, id=58680, stack(0x0000006d48800000,0x0000006d48900000)]
  0x00000213ff5acf40 JavaThread "Reference Handler" daemon [_thread_blocked, id=51796, stack(0x0000006d48f00000,0x0000006d49000000)]
  0x00000213ff5ad500 JavaThread "Finalizer" daemon [_thread_blocked, id=61188, stack(0x0000006d49000000,0x0000006d49100000)]
  0x00000213ff5bffe0 JavaThread "Signal Dispatcher" daemon [_thread_blocked, id=65776, stack(0x0000006d49100000,0x0000006d49200000)]
  0x00000213ff5c15b0 JavaThread "Attach Listener" daemon [_thread_blocked, id=51028, stack(0x0000006d49200000,0x0000006d49300000)]
  0x00000213ff5c1b70 JavaThread "Service Thread" daemon [_thread_blocked, id=43080, stack(0x0000006d49300000,0x0000006d49400000)]
  0x00000213ff5c4140 JavaThread "Monitor Deflation Thread" daemon [_thread_blocked, id=37252, stack(0x0000006d49400000,0x0000006d49500000)]
=>0x00000213ff5cd260 JavaThread "C2 CompilerThread0" daemon [_thread_in_native, id=61448, stack(0x0000006d49500000,0x0000006d49600000)]
  0x00000213ff5d5830 JavaThread "C1 CompilerThread0" daemon [_thread_blocked, id=58448, stack(0x0000006d49600000,0x0000006d49700000)]
  0x00000213ff5d5d40 JavaThread "Sweeper thread" daemon [_thread_blocked, id=61200, stack(0x0000006d49700000,0x0000006d49800000)]
  0x000002138298e370 JavaThread "Common-Cleaner" daemon [_thread_blocked, id=61060, stack(0x0000006d49800000,0x0000006d49900000)]
  0x0000021382a56880 JavaThread "Monitor Ctrl-Break" daemon [_thread_in_native, id=35820, stack(0x0000006d49900000,0x0000006d49a00000)]
  0x0000021382a56d50 JavaThread "Notification Thread" daemon [_thread_blocked, id=66976, stack(0x0000006d49a00000,0x0000006d49b00000)]
  0x0000021383d5ef60 JavaThread "Forwarding get on session d036303cdc50d33a8651050311bc1dcc to remote" [_thread_blocked, id=58476, stack(0x0000006d4a600000,0x0000006d4a700000)]
  0x0000021383be2140 JavaThread "ForkJoinPool.commonPool-worker-1" daemon [_thread_blocked, id=56048, stack(0x0000006d4a700000,0x0000006d4a800000)]
  0x0000021384311000 JavaThread "AsyncHttpClient-1-1" daemon [_thread_blocked, id=55736, stack(0x0000006d4a800000,0x0000006d4a900000)]
  0x00000213843d8d70 JavaThread "Exec Default Executor" daemon [_thread_in_native, id=55020, stack(0x0000006d4ab00000,0x0000006d4ac00000)]
  0x00000213844b14e0 JavaThread "Driver Service Executor" daemon [_thread_blocked, id=59984, stack(0x0000006d4ac00000,0x0000006d4ad00000)]
  0x0000021384495af0 JavaThread "Driver Service Executor" daemon [_thread_blocked, id=65804, stack(0x0000006d4ad00000,0x0000006d4ae00000)]
  0x0000021384495fc0 JavaThread "UrlChecker-2" daemon [_thread_blocked, id=67140, stack(0x0000006d4ae00000,0x0000006d4af00000)]
  0x0000021384496490 JavaThread "Exec Stream Pumper" daemon [_thread_in_native, id=67084, stack(0x0000006d4b000000,0x0000006d4b100000)]
  0x0000021384493e10 JavaThread "Exec Stream Pumper" daemon [_thread_in_native, id=45064, stack(0x0000006d4b100000,0x0000006d4b200000)]
  0x0000021384495620 JavaThread "Keep-Alive-Timer" daemon [_thread_blocked, id=57308, stack(0x0000006d49c00000,0x0000006d49d00000)]
  0x0000021384493940 JavaThread "AsyncHttpClient-1-2" daemon [_thread_in_native, id=36732, stack(0x0000006d4b200000,0x0000006d4b300000)]
  0x0000021384492ad0 JavaThread "AsyncHttpClient-1-3" daemon [_thread_in_native, id=11296, stack(0x0000006d4b300000,0x0000006d4b400000)]
  0x0000021384492fa0 JavaThread "AsyncHttpClient-1-4" daemon [_thread_in_native, id=56672, stack(0x0000006d4b400000,0x0000006d4b500000)]

Other Threads:
  0x00000213ff5a4180 VMThread "VM Thread" [stack: 0x0000006d48e00000,0x0000006d48f00000] [id=54072]
  0x00000213e44849d0 WatcherThread [stack: 0x0000006d49b00000,0x0000006d49c00000] [id=35400]
  0x00000213e4463370 GCTaskThread "GC Thread#0" [stack: 0x0000006d48900000,0x0000006d48a00000] [id=34304]
  0x0000021383956660 GCTaskThread "GC Thread#1" [stack: 0x0000006d49d00000,0x0000006d49e00000] [id=54180]
  0x0000021383ca0c50 GCTaskThread "GC Thread#2" [stack: 0x0000006d49e00000,0x0000006d49f00000] [id=62552]
  0x00000213834d6dc0 GCTaskThread "GC Thread#3" [stack: 0x0000006d49f00000,0x0000006d4a000000] [id=66276]
  0x000002138379fce0 GCTaskThread "GC Thread#4" [stack: 0x0000006d4a000000,0x0000006d4a100000] [id=67496]
  0x000002138363f830 GCTaskThread "GC Thread#5" [stack: 0x0000006d4a100000,0x0000006d4a200000] [id=51124]
  0x000002138363fd90 GCTaskThread "GC Thread#6" [stack: 0x0000006d4a200000,0x0000006d4a300000] [id=60324]
  0x00000213836402f0 GCTaskThread "GC Thread#7" [stack: 0x0000006d4a300000,0x0000006d4a400000] [id=65996]
  0x000002138363f2d0 GCTaskThread "GC Thread#8" [stack: 0x0000006d4a400000,0x0000006d4a500000] [id=60568]
  0x000002138363f580 GCTaskThread "GC Thread#9" [stack: 0x0000006d4a500000,0x0000006d4a600000] [id=65648]
  0x00000213e446fed0 ConcurrentGCThread "G1 Main Marker" [stack: 0x0000006d48a00000,0x0000006d48b00000] [id=67012]
  0x00000213e4472e40 ConcurrentGCThread "G1 Conc#0" [stack: 0x0000006d48b00000,0x0000006d48c00000] [id=58720]
  0x000002138363fae0 ConcurrentGCThread "G1 Conc#1" [stack: 0x0000006d4a900000,0x0000006d4aa00000] [id=54432]
  0x00000213859e6d70 ConcurrentGCThread "G1 Conc#2" [stack: 0x0000006d4aa00000,0x0000006d4ab00000] [id=55284]
  0x00000213e44dd2d0 ConcurrentGCThread "G1 Refine#0" [stack: 0x0000006d48c00000,0x0000006d48d00000] [id=60312]
  0x00000213e44dd6a0 ConcurrentGCThread "G1 Service" [stack: 0x0000006d48d00000,0x0000006d48e00000] [id=6776]

Threads with active compile tasks:
C2 CompilerThread0     5404 2834       4       jdk.internal.org.objectweb.asm.SymbolTable::addConstantMemberReference (147 bytes)

VM state: not at safepoint (normal execution)

VM Mutex/Monitor currently owned by a thread: None

Heap address: 0x00000000a2200000, size: 1502 MB, Compressed Oops mode: 32-bit

CDS archive(s) mapped at: [0x0000000800000000-0x0000000800bc0000-0x0000000800bc0000), size 12320768, SharedBaseAddress: 0x0000000800000000, ArchiveRelocationMode: 0.
Compressed class space mapped at: 0x0000000800c00000-0x0000000840c00000, reserved size: 1073741824
Narrow klass base: 0x0000000800000000, Narrow klass shift: 0, Narrow klass range: 0x100000000

GC Precious Log:
 CPUs: 12 total, 12 available
 Memory: 6005M
 Large Page Support: Disabled
 NUMA Support: Disabled
 Compressed Oops: Enabled (32-bit)
 Heap Region Size: 1M
 Heap Min Capacity: 8M
 Heap Initial Capacity: 94M
 Heap Max Capacity: 1502M
 Pre-touch: Disabled
 Parallel Workers: 10
 Concurrent Workers: 3
 Concurrent Refinement Workers: 10
 Periodic GC: Disabled

Heap:
 garbage-first heap   total 72704K, used 44281K [0x00000000a2200000, 0x0000000100000000)
  region size 1024K, 14 young (14336K), 1 survivors (1024K)
 Metaspace       used 29404K, committed 29760K, reserved 1081344K
  class space    used 3709K, committed 3904K, reserved 1048576K

Heap Regions: E=young(eden), S=young(survivor), O=old, HS=humongous(starts), HC=humongous(continues), CS=collection set, F=free, OA=open archive, CA=closed archive, TAMS=top-at-mark-start (previous, next)
|   0|0x00000000a2200000, 0x00000000a2300000, 0x00000000a2300000|100%| O|  |TAMS 0x00000000a2300000, 0x00000000a2300000| Untracked 
|   1|0x00000000a2300000, 0x00000000a2400000, 0x00000000a2400000|100%| O|  |TAMS 0x00000000a2400000, 0x00000000a2400000| Untracked 
|   2|0x00000000a2400000, 0x00000000a2500000, 0x00000000a2500000|100%| O|  |TAMS 0x00000000a2500000, 0x00000000a2500000| Untracked 
|   3|0x00000000a2500000, 0x00000000a2600000, 0x00000000a2600000|100%| O|  |TAMS 0x00000000a2600000, 0x00000000a2600000| Untracked 
|   4|0x00000000a2600000, 0x00000000a2700000, 0x00000000a2700000|100%| O|  |TAMS 0x00000000a2700000, 0x00000000a2700000| Untracked 
|   5|0x00000000a2700000, 0x00000000a2700000, 0x00000000a2800000|  0%| F|  |TAMS 0x00000000a2700000, 0x00000000a2700000| Untracked 
|   6|0x00000000a2800000, 0x00000000a2900000, 0x00000000a2900000|100%| O|  |TAMS 0x00000000a2800000, 0x00000000a2900000| Untracked 
|   7|0x00000000a2900000, 0x00000000a2a00000, 0x00000000a2a00000|100%| O|  |TAMS 0x00000000a2900000, 0x00000000a2a00000| Untracked 
|   8|0x00000000a2a00000, 0x00000000a2b00000, 0x00000000a2b00000|100%| O|  |TAMS 0x00000000a2a00000, 0x00000000a2b00000| Untracked 
|   9|0x00000000a2b00000, 0x00000000a2c00000, 0x00000000a2c00000|100%| O|  |TAMS 0x00000000a2b00000, 0x00000000a2c00000| Untracked 
|  10|0x00000000a2c00000, 0x00000000a2d00000, 0x00000000a2d00000|100%| O|  |TAMS 0x00000000a2c00000, 0x00000000a2d00000| Untracked 
|  11|0x00000000a2d00000, 0x00000000a2e00000, 0x00000000a2e00000|100%| O|  |TAMS 0x00000000a2d00000, 0x00000000a2e00000| Untracked 
|  12|0x00000000a2e00000, 0x00000000a2f00000, 0x00000000a2f00000|100%| O|  |TAMS 0x00000000a2e00000, 0x00000000a2f00000| Untracked 
|  13|0x00000000a2f00000, 0x00000000a3000000, 0x00000000a3000000|100%| O|  |TAMS 0x00000000a2f00000, 0x00000000a3000000| Untracked 
|  14|0x00000000a3000000, 0x00000000a3100000, 0x00000000a3100000|100%| O|  |TAMS 0x00000000a3000000, 0x00000000a3100000| Untracked 
|  15|0x00000000a3100000, 0x00000000a3200000, 0x00000000a3200000|100%|HS|  |TAMS 0x00000000a3100000, 0x00000000a3100000| Complete 
|  16|0x00000000a3200000, 0x00000000a3300000, 0x00000000a3300000|100%|HC|  |TAMS 0x00000000a3200000, 0x00000000a3200000| Complete 
|  17|0x00000000a3300000, 0x00000000a3400000, 0x00000000a3400000|100%|HC|  |TAMS 0x00000000a3300000, 0x00000000a3300000| Complete 
|  18|0x00000000a3400000, 0x00000000a3500000, 0x00000000a3500000|100%|HC|  |TAMS 0x00000000a3400000, 0x00000000a3400000| Complete 
|  19|0x00000000a3500000, 0x00000000a3600000, 0x00000000a3600000|100%|HC|  |TAMS 0x00000000a3500000, 0x00000000a3500000| Complete 
|  20|0x00000000a3600000, 0x00000000a3700000, 0x00000000a3700000|100%|HC|  |TAMS 0x00000000a3600000, 0x00000000a3600000| Complete 
|  21|0x00000000a3700000, 0x00000000a3800000, 0x00000000a3800000|100%|HC|  |TAMS 0x00000000a3700000, 0x00000000a3700000| Complete 
|  22|0x00000000a3800000, 0x00000000a3900000, 0x00000000a3900000|100%|HC|  |TAMS 0x00000000a3800000, 0x00000000a3800000| Complete 
|  23|0x00000000a3900000, 0x00000000a3a00000, 0x00000000a3a00000|100%|HC|  |TAMS 0x00000000a3900000, 0x00000000a3900000| Complete 
|  24|0x00000000a3a00000, 0x00000000a3b00000, 0x00000000a3b00000|100%|HC|  |TAMS 0x00000000a3a00000, 0x00000000a3a00000| Complete 
|  25|0x00000000a3b00000, 0x00000000a3c00000, 0x00000000a3c00000|100%|HC|  |TAMS 0x00000000a3b00000, 0x00000000a3b00000| Complete 
|  26|0x00000000a3c00000, 0x00000000a3d00000, 0x00000000a3d00000|100%|HC|  |TAMS 0x00000000a3c00000, 0x00000000a3c00000| Complete 
|  27|0x00000000a3d00000, 0x00000000a3e00000, 0x00000000a3e00000|100%|HC|  |TAMS 0x00000000a3d00000, 0x00000000a3d00000| Complete 
|  28|0x00000000a3e00000, 0x00000000a3f00000, 0x00000000a3f00000|100%|HC|  |TAMS 0x00000000a3e00000, 0x00000000a3e00000| Complete 
|  29|0x00000000a3f00000, 0x00000000a4000000, 0x00000000a4000000|100%|HC|  |TAMS 0x00000000a3f00000, 0x00000000a3f00000| Complete 
|  30|0x00000000a4000000, 0x00000000a4100000, 0x00000000a4100000|100%|HC|  |TAMS 0x00000000a4000000, 0x00000000a4000000| Complete 
|  31|0x00000000a4100000, 0x00000000a4200000, 0x00000000a4200000|100%|HC|  |TAMS 0x00000000a4100000, 0x00000000a4100000| Complete 
|  32|0x00000000a4200000, 0x00000000a4200000, 0x00000000a4300000|  0%| F|  |TAMS 0x00000000a4200000, 0x00000000a4200000| Untracked 
|  33|0x00000000a4300000, 0x00000000a4300000, 0x00000000a4400000|  0%| F|  |TAMS 0x00000000a4300000, 0x00000000a4300000| Untracked 
|  34|0x00000000a4400000, 0x00000000a4400000, 0x00000000a4500000|  0%| F|  |TAMS 0x00000000a4400000, 0x00000000a4400000| Untracked 
|  35|0x00000000a4500000, 0x00000000a4500000, 0x00000000a4600000|  0%| F|  |TAMS 0x00000000a4500000, 0x00000000a4500000| Untracked 
|  36|0x00000000a4600000, 0x00000000a4600000, 0x00000000a4700000|  0%| F|  |TAMS 0x00000000a4600000, 0x00000000a4600000| Untracked 
|  37|0x00000000a4700000, 0x00000000a4700000, 0x00000000a4800000|  0%| F|  |TAMS 0x00000000a4700000, 0x00000000a4700000| Untracked 
|  38|0x00000000a4800000, 0x00000000a4800000, 0x00000000a4900000|  0%| F|  |TAMS 0x00000000a4800000, 0x00000000a4800000| Untracked 
|  39|0x00000000a4900000, 0x00000000a4900000, 0x00000000a4a00000|  0%| F|  |TAMS 0x00000000a4900000, 0x00000000a4900000| Untracked 
|  40|0x00000000a4a00000, 0x00000000a4a00000, 0x00000000a4b00000|  0%| F|  |TAMS 0x00000000a4a00000, 0x00000000a4a00000| Untracked 
|  41|0x00000000a4b00000, 0x00000000a4b00000, 0x00000000a4c00000|  0%| F|  |TAMS 0x00000000a4b00000, 0x00000000a4b00000| Untracked 
|  42|0x00000000a4c00000, 0x00000000a4c00000, 0x00000000a4d00000|  0%| F|  |TAMS 0x00000000a4c00000, 0x00000000a4c00000| Untracked 
|  43|0x00000000a4d00000, 0x00000000a4d00000, 0x00000000a4e00000|  0%| F|  |TAMS 0x00000000a4d00000, 0x00000000a4d00000| Untracked 
|  44|0x00000000a4e00000, 0x00000000a4e00000, 0x00000000a4f00000|  0%| F|  |TAMS 0x00000000a4e00000, 0x00000000a4e00000| Untracked 
|  45|0x00000000a4f00000, 0x00000000a4f00000, 0x00000000a5000000|  0%| F|  |TAMS 0x00000000a4f00000, 0x00000000a4f00000| Untracked 
|  46|0x00000000a5000000, 0x00000000a5000000, 0x00000000a5100000|  0%| F|  |TAMS 0x00000000a5000000, 0x00000000a5000000| Untracked 
|  47|0x00000000a5100000, 0x00000000a5100000, 0x00000000a5200000|  0%| F|  |TAMS 0x00000000a5100000, 0x00000000a5100000| Untracked 
|  48|0x00000000a5200000, 0x00000000a5200000, 0x00000000a5300000|  0%| F|  |TAMS 0x00000000a5200000, 0x00000000a5200000| Untracked 
|  49|0x00000000a5300000, 0x00000000a5300000, 0x00000000a5400000|  0%| F|  |TAMS 0x00000000a5300000, 0x00000000a5300000| Untracked 
|  50|0x00000000a5400000, 0x00000000a5400000, 0x00000000a5500000|  0%| F|  |TAMS 0x00000000a5400000, 0x00000000a5400000| Untracked 
|  51|0x00000000a5500000, 0x00000000a553e660, 0x00000000a5600000| 24%| S|CS|TAMS 0x00000000a5500000, 0x00000000a5500000| Complete 
|  52|0x00000000a5600000, 0x00000000a5600000, 0x00000000a5700000|  0%| F|  |TAMS 0x00000000a5600000, 0x00000000a5600000| Untracked 
|  53|0x00000000a5700000, 0x00000000a5700000, 0x00000000a5800000|  0%| F|  |TAMS 0x00000000a5700000, 0x00000000a5700000| Untracked 
|  54|0x00000000a5800000, 0x00000000a5800000, 0x00000000a5900000|  0%| F|  |TAMS 0x00000000a5800000, 0x00000000a5800000| Untracked 
|  55|0x00000000a5900000, 0x00000000a5900000, 0x00000000a5a00000|  0%| F|  |TAMS 0x00000000a5900000, 0x00000000a5900000| Untracked 
|  56|0x00000000a5a00000, 0x00000000a5a00000, 0x00000000a5b00000|  0%| F|  |TAMS 0x00000000a5a00000, 0x00000000a5a00000| Untracked 
|  57|0x00000000a5b00000, 0x00000000a5b00000, 0x00000000a5c00000|  0%| F|  |TAMS 0x00000000a5b00000, 0x00000000a5b00000| Untracked 
|  58|0x00000000a5c00000, 0x00000000a5c714a8, 0x00000000a5d00000| 44%| E|  |TAMS 0x00000000a5c00000, 0x00000000a5c00000| Complete 
|  59|0x00000000a5d00000, 0x00000000a5e00000, 0x00000000a5e00000|100%| E|CS|TAMS 0x00000000a5d00000, 0x00000000a5d00000| Complete 
|  60|0x00000000a5e00000, 0x00000000a5f00000, 0x00000000a5f00000|100%| E|CS|TAMS 0x00000000a5e00000, 0x00000000a5e00000| Complete 
|  61|0x00000000a5f00000, 0x00000000a6000000, 0x00000000a6000000|100%| E|CS|TAMS 0x00000000a5f00000, 0x00000000a5f00000| Complete 
|  62|0x00000000a6000000, 0x00000000a6100000, 0x00000000a6100000|100%| E|CS|TAMS 0x00000000a6000000, 0x00000000a6000000| Complete 
|  63|0x00000000a6100000, 0x00000000a6200000, 0x00000000a6200000|100%| E|CS|TAMS 0x00000000a6100000, 0x00000000a6100000| Complete 
|  64|0x00000000a6200000, 0x00000000a6300000, 0x00000000a6300000|100%| E|CS|TAMS 0x00000000a6200000, 0x00000000a6200000| Complete 
|  65|0x00000000a6300000, 0x00000000a6400000, 0x00000000a6400000|100%| E|CS|TAMS 0x00000000a6300000, 0x00000000a6300000| Complete 
|  66|0x00000000a6400000, 0x00000000a6500000, 0x00000000a6500000|100%| E|CS|TAMS 0x00000000a6400000, 0x00000000a6400000| Complete 
|  67|0x00000000a6500000, 0x00000000a6600000, 0x00000000a6600000|100%| E|CS|TAMS 0x00000000a6500000, 0x00000000a6500000| Complete 
|  68|0x00000000a6600000, 0x00000000a6700000, 0x00000000a6700000|100%| E|CS|TAMS 0x00000000a6600000, 0x00000000a6600000| Complete 
|  69|0x00000000a6700000, 0x00000000a6800000, 0x00000000a6800000|100%| E|CS|TAMS 0x00000000a6700000, 0x00000000a6700000| Complete 
|  93|0x00000000a7f00000, 0x00000000a8000000, 0x00000000a8000000|100%| E|CS|TAMS 0x00000000a7f00000, 0x00000000a7f00000| Complete 

Card table byte_map: [0x00000213fb4d0000,0x00000213fb7c0000] _byte_map_base: 0x00000213fafbf000

Marking Bits (Prev, Next): (CMBitMap*) 0x00000213e44638c0, (CMBitMap*) 0x00000213e4463880
 Prev Bits: [0x00000213fd230000, 0x00000213fe9a8000)
 Next Bits: [0x00000213fbab0000, 0x00000213fd228000)

Polling page: 0x00000213e3be0000

Metaspace:

Usage:
  Non-class:     25.09 MB used.
      Class:      3.62 MB used.
       Both:     28.72 MB used.

Virtual space:
  Non-class space:       32.00 MB reserved,      25.25 MB ( 79%) committed,  4 nodes.
      Class space:        1.00 GB reserved,       3.81 MB ( <1%) committed,  1 nodes.
             Both:        1.03 GB reserved,      29.06 MB (  3%) committed. 

Chunk freelists:
   Non-Class:  2.64 MB
       Class:  189.00 KB
        Both:  2.83 MB

MaxMetaspaceSize: unlimited
CompressedClassSpaceSize: 1.00 GB
Initial GC threshold: 21.00 MB
Current GC threshold: 35.12 MB
CDS: on
MetaspaceReclaimPolicy: balanced
 - commit_granule_bytes: 65536.
 - commit_granule_words: 8192.
 - virtual_space_node_default_size: 1048576.
 - enlarge_chunks_in_place: 1.
 - new_chunks_are_fully_committed: 0.
 - uncommit_free_chunks: 1.
 - use_allocation_guard: 0.
 - handle_deallocations: 1.


Internal statistics:

num_allocs_failed_limit: 3.
num_arena_births: 372.
num_arena_deaths: 2.
num_vsnodes_births: 5.
num_vsnodes_deaths: 0.
num_space_committed: 465.
num_space_uncommitted: 0.
num_chunks_returned_to_freelist: 6.
num_chunks_taken_from_freelist: 1175.
num_chunk_merges: 0.
num_chunk_splits: 846.
num_chunks_enlarged: 671.
num_purges: 2.
num_inconsistent_stats: 0.

CodeHeap 'non-profiled nmethods': size=120000Kb used=1373Kb max_used=1373Kb free=118626Kb
 bounds [0x00000213f3750000, 0x00000213f39c0000, 0x00000213fac80000]
CodeHeap 'profiled nmethods': size=120000Kb used=5962Kb max_used=5962Kb free=114037Kb
 bounds [0x00000213ec220000, 0x00000213ec800000, 0x00000213f3750000]
CodeHeap 'non-nmethods': size=5760Kb used=1292Kb max_used=1322Kb free=4467Kb
 bounds [0x00000213ebc80000, 0x00000213ebef0000, 0x00000213ec220000]
 total_blobs=3527 nmethods=2920 adapters=518
 compilation: enabled
              stopped_count=0, restarted_count=0
 full_count=0

Compilation events (20 events):
Event: 5.321 Thread 0x00000213ff5d5830 2923       3       io.cucumber.core.internal.com.fasterxml.jackson.datatype.jdk8.OptionalSerializer::_isValuePresent (9 bytes)
Event: 5.322 Thread 0x00000213ff5d5830 nmethod 2923 0x00000213ec7ee390 code [0x00000213ec7ee540, 0x00000213ec7ee878]
Event: 5.322 Thread 0x00000213ff5d5830 2924       3       io.cucumber.core.internal.com.fasterxml.jackson.core.json.WriterBasedJsonGenerator::_verifyValueWrite (133 bytes)
Event: 5.322 Thread 0x00000213ff5d5830 nmethod 2924 0x00000213ec7ee990 code [0x00000213ec7eebc0, 0x00000213ec7ef248]
Event: 5.322 Thread 0x00000213ff5d5830 2925       3       io.cucumber.core.internal.com.fasterxml.jackson.core.json.JsonWriteContext::writeValue (90 bytes)
Event: 5.323 Thread 0x00000213ff5d5830 nmethod 2925 0x00000213ec7ef410 code [0x00000213ec7ef5e0, 0x00000213ec7ef938]
Event: 5.323 Thread 0x00000213ff5d5830 2926       3       java.util.regex.Pattern$Slice::match (79 bytes)
Event: 5.323 Thread 0x00000213ff5d5830 nmethod 2926 0x00000213ec7efa10 code [0x00000213ec7efbe0, 0x00000213ec7f0078]
Event: 5.325 Thread 0x00000213ff5d5830 2927       3       org.openqa.selenium.json.JsonOutput$$Lambda$586/0x0000000800f20bd0::accept (9 bytes)
Event: 5.325 Thread 0x00000213ff5d5830 nmethod 2927 0x00000213ec7f0210 code [0x00000213ec7f03a0, 0x00000213ec7f04e8]
Event: 5.325 Thread 0x00000213ff5d5830 2928       3       org.openqa.selenium.json.JsonOutput::lambda$asString$34 (37 bytes)
Event: 5.326 Thread 0x00000213ff5d5830 nmethod 2928 0x00000213ec7f0590 code [0x00000213ec7f07c0, 0x00000213ec7f0f28]
Event: 5.326 Thread 0x00000213ff5d5830 2929       3       java.util.BitSet::get (69 bytes)
Event: 5.326 Thread 0x00000213ff5d5830 nmethod 2929 0x00000213ec7f1210 code [0x00000213ec7f1460, 0x00000213ec7f1c68]
Event: 5.326 Thread 0x00000213ff5d5830 2930       2       java.io.InputStream::<init> (5 bytes)
Event: 5.327 Thread 0x00000213ff5d5830 nmethod 2930 0x00000213ec7f1f90 code [0x00000213ec7f2120, 0x00000213ec7f2238]
Event: 5.327 Thread 0x00000213ff5d5830 2931       3       io.netty.buffer.AbstractByteBuf::ensureAccessible (23 bytes)
Event: 5.327 Thread 0x00000213ff5d5830 nmethod 2931 0x00000213ec7f2310 code [0x00000213ec7f24c0, 0x00000213ec7f27b8]
Event: 5.327 Thread 0x00000213ff5d5830 2932       1       io.netty.buffer.AbstractByteBuf::writerIndex (5 bytes)
Event: 5.327 Thread 0x00000213ff5d5830 nmethod 2932 0x00000213f38a7290 code [0x00000213f38a7420, 0x00000213f38a74f8]

GC Heap History (12 events):
Event: 1.007 GC heap before
{Heap before GC invocations=0 (full 0):
 garbage-first heap   total 96256K, used 22528K [0x00000000a2200000, 0x0000000100000000)
  region size 1024K, 23 young (23552K), 0 survivors (0K)
 Metaspace       used 6485K, committed 6784K, reserved 1056768K
  class space    used 740K, committed 896K, reserved 1048576K
}
Event: 1.014 GC heap after
{Heap after GC invocations=1 (full 0):
 garbage-first heap   total 96256K, used 5920K [0x00000000a2200000, 0x0000000100000000)
  region size 1024K, 3 young (3072K), 3 survivors (3072K)
 Metaspace       used 6485K, committed 6784K, reserved 1056768K
  class space    used 740K, committed 896K, reserved 1048576K
}
Event: 1.527 GC heap before
{Heap before GC invocations=1 (full 0):
 garbage-first heap   total 96256K, used 32544K [0x00000000a2200000, 0x0000000100000000)
  region size 1024K, 29 young (29696K), 3 survivors (3072K)
 Metaspace       used 12386K, committed 12608K, reserved 1064960K
  class space    used 1443K, committed 1536K, reserved 1048576K
}
Event: 1.534 GC heap after
{Heap after GC invocations=2 (full 0):
 garbage-first heap   total 96256K, used 8417K [0x00000000a2200000, 0x0000000100000000)
  region size 1024K, 3 young (3072K), 3 survivors (3072K)
 Metaspace       used 12386K, committed 12608K, reserved 1064960K
  class space    used 1443K, committed 1536K, reserved 1048576K
}
Event: 2.379 GC heap before
{Heap before GC invocations=2 (full 0):
 garbage-first heap   total 96256K, used 45281K [0x00000000a2200000, 0x0000000100000000)
  region size 1024K, 41 young (41984K), 3 survivors (3072K)
 Metaspace       used 21242K, committed 21504K, reserved 1073152K
  class space    used 2531K, committed 2688K, reserved 1048576K
}
Event: 2.386 GC heap after
{Heap after GC invocations=3 (full 0):
 garbage-first heap   total 96256K, used 12999K [0x00000000a2200000, 0x0000000100000000)
  region size 1024K, 7 young (7168K), 7 survivors (7168K)
 Metaspace       used 21242K, committed 21504K, reserved 1073152K
  class space    used 2531K, committed 2688K, reserved 1048576K
}
Event: 2.966 GC heap before
{Heap before GC invocations=4 (full 0):
 garbage-first heap   total 48128K, used 34503K [0x00000000a2200000, 0x0000000100000000)
  region size 1024K, 28 young (28672K), 7 survivors (7168K)
 Metaspace       used 26592K, committed 26880K, reserved 1073152K
  class space    used 3283K, committed 3392K, reserved 1048576K
}
Event: 2.972 GC heap after
{Heap after GC invocations=5 (full 0):
 garbage-first heap   total 48128K, used 14705K [0x00000000a2200000, 0x0000000100000000)
  region size 1024K, 2 young (2048K), 2 survivors (2048K)
 Metaspace       used 26592K, committed 26880K, reserved 1073152K
  class space    used 3283K, committed 3392K, reserved 1048576K
}
Event: 2.992 GC heap before
{Heap before GC invocations=5 (full 0):
 garbage-first heap   total 48128K, used 15729K [0x00000000a2200000, 0x0000000100000000)
  region size 1024K, 3 young (3072K), 2 survivors (2048K)
 Metaspace       used 26787K, committed 27072K, reserved 1073152K
  class space    used 3318K, committed 3456K, reserved 1048576K
}
Event: 2.996 GC heap after
{Heap after GC invocations=6 (full 0):
 garbage-first heap   total 48128K, used 14845K [0x00000000a2200000, 0x0000000100000000)
  region size 1024K, 1 young (1024K), 1 survivors (1024K)
 Metaspace       used 26787K, committed 27072K, reserved 1073152K
  class space    used 3318K, committed 3456K, reserved 1048576K
}
Event: 3.018 GC heap before
{Heap before GC invocations=6 (full 0):
 garbage-first heap   total 48128K, used 14845K [0x00000000a2200000, 0x0000000100000000)
  region size 1024K, 2 young (2048K), 1 survivors (1024K)
 Metaspace       used 26930K, committed 27200K, reserved 1073152K
  class space    used 3337K, committed 3456K, reserved 1048576K
}
Event: 3.019 GC heap after
{Heap after GC invocations=7 (full 0):
 garbage-first heap   total 72704K, used 14585K [0x00000000a2200000, 0x0000000100000000)
  region size 1024K, 1 young (1024K), 1 survivors (1024K)
 Metaspace       used 26930K, committed 27200K, reserved 1073152K
  class space    used 3337K, committed 3456K, reserved 1048576K
}

Deoptimization events (20 events):
Event: 2.592 Thread 0x0000021383d5ef60 DEOPT PACKING pc=0x00000213f37c9ddc sp=0x0000006d4a6fd6c0
Event: 2.592 Thread 0x0000021383d5ef60 DEOPT UNPACKING pc=0x00000213ebcd23a3 sp=0x0000006d4a6fd670 mode 2
Event: 2.758 Thread 0x0000021383d5ef60 Uncommon trap: trap_request=0xffffff45 fr.pc=0x00000213f3802604 relative=0x0000000000000084
Event: 2.758 Thread 0x0000021383d5ef60 Uncommon trap: reason=unstable_if action=reinterpret pc=0x00000213f3802604 method=java.lang.CharacterDataLatin1.isWhitespace(I)Z @ 14 c2
Event: 2.758 Thread 0x0000021383d5ef60 DEOPT PACKING pc=0x00000213f3802604 sp=0x0000006d4a6fd540
Event: 2.758 Thread 0x0000021383d5ef60 DEOPT UNPACKING pc=0x00000213ebcd23a3 sp=0x0000006d4a6fd4b0 mode 2
Event: 2.779 Thread 0x0000021383d5ef60 DEOPT PACKING pc=0x00000213ec60a753 sp=0x0000006d4a6fbb50
Event: 2.779 Thread 0x0000021383d5ef60 DEOPT UNPACKING pc=0x00000213ebcd2b43 sp=0x0000006d4a6fb060 mode 0
Event: 4.851 Thread 0x0000021383d5ef60 Uncommon trap: trap_request=0xffffffde fr.pc=0x00000213f384ec5c relative=0x00000000000001bc
Event: 4.851 Thread 0x0000021383d5ef60 Uncommon trap: reason=class_check action=maybe_recompile pc=0x00000213f384ec5c method=java.io.DataInputStream.readByte()B @ 4 c2
Event: 4.851 Thread 0x0000021383d5ef60 DEOPT PACKING pc=0x00000213f384ec5c sp=0x0000006d4a6fc2f0
Event: 4.851 Thread 0x0000021383d5ef60 DEOPT UNPACKING pc=0x00000213ebcd23a3 sp=0x0000006d4a6fc2b8 mode 2
Event: 5.039 Thread 0x0000021384493940 Uncommon trap: trap_request=0xffffff45 fr.pc=0x00000213f384d050 relative=0x00000000000001d0
Event: 5.039 Thread 0x0000021384493940 Uncommon trap: reason=unstable_if action=reinterpret pc=0x00000213f384d050 method=java.io.ByteArrayInputStream.read()I @ 8 c2
Event: 5.039 Thread 0x0000021384493940 DEOPT PACKING pc=0x00000213f384d050 sp=0x0000006d4b2fee40
Event: 5.039 Thread 0x0000021384493940 DEOPT UNPACKING pc=0x00000213ebcd23a3 sp=0x0000006d4b2fedf8 mode 2
Event: 5.265 Thread 0x0000021383d5ef60 Uncommon trap: trap_request=0xffffff45 fr.pc=0x00000213f38a14a4 relative=0x0000000000000204
Event: 5.265 Thread 0x0000021383d5ef60 Uncommon trap: reason=unstable_if action=reinterpret pc=0x00000213f38a14a4 method=java.util.regex.Matcher.reset()Ljava/util/regex/Matcher; @ 71 c2
Event: 5.265 Thread 0x0000021383d5ef60 DEOPT PACKING pc=0x00000213f38a14a4 sp=0x0000006d4a6fd8f0
Event: 5.265 Thread 0x0000021383d5ef60 DEOPT UNPACKING pc=0x00000213ebcd23a3 sp=0x0000006d4a6fd878 mode 2

Classes unloaded (1 events):
Event: 2.390 Thread 0x00000213ff5a4180 Unloading class 0x0000000800c02000 'java/lang/invoke/LambdaForm$DMH+0x0000000800c02000'

Classes redefined (0 events):
No events

Internal exceptions (20 events):
Event: 2.611 Thread 0x00000213843d8d70 Exception <a 'java/lang/NoSuchMethodError'{0x00000000a41a7cf8}: 'java.lang.Object java.lang.invoke.DirectMethodHandle$Holder.newInvokeSpecial(java.lang.Object, java.lang.Object, long)'> (0x00000000a41a7cf8) 
thrown [s\open\src\hotspot\share\interpreter\linkResolver.cpp, line 759]
Event: 2.626 Thread 0x0000021384495fc0 Exception <a 'java/net/ConnectException'{0x00000000a4009648}: Connection refused: no further information> (0x00000000a4009648) 
thrown [s\open\src\hotspot\share\prims\jni.cpp, line 535]
Event: 2.626 Thread 0x0000021384495fc0 Exception <a 'java/net/SocketException'{0x00000000a4009980}: Socket is not connected: shutdown> (0x00000000a4009980) 
thrown [s\open\src\hotspot\share\prims\jni.cpp, line 535]
Event: 2.657 Thread 0x0000021384495fc0 Exception <a 'java/net/ConnectException'{0x00000000a400a918}: Connection refused: no further information> (0x00000000a400a918) 
thrown [s\open\src\hotspot\share\prims\jni.cpp, line 535]
Event: 2.657 Thread 0x0000021384495fc0 Exception <a 'java/net/SocketException'{0x00000000a400ac50}: Socket is not connected: shutdown> (0x00000000a400ac50) 
thrown [s\open\src\hotspot\share\prims\jni.cpp, line 535]
Event: 2.719 Thread 0x0000021383d5ef60 Exception <a 'java/lang/NoSuchMethodError'{0x00000000a40efcc0}: 'double java.lang.invoke.DirectMethodHandle$Holder.invokeVirtual(java.lang.Object, java.lang.Object)'> (0x00000000a40efcc0) 
thrown [s\open\src\hotspot\share\interpreter\linkResolver.cpp, line 759]
Event: 2.719 Thread 0x0000021383d5ef60 Exception <a 'java/lang/NoSuchMethodError'{0x00000000a40f6468}: 'float java.lang.invoke.DirectMethodHandle$Holder.invokeVirtual(java.lang.Object, java.lang.Object)'> (0x00000000a40f6468) 
thrown [s\open\src\hotspot\share\interpreter\linkResolver.cpp, line 759]
Event: 2.720 Thread 0x0000021383d5ef60 Exception <a 'java/lang/NoSuchMethodError'{0x00000000a40ff448}: 'long java.lang.invoke.DirectMethodHandle$Holder.invokeVirtual(java.lang.Object, java.lang.Object)'> (0x00000000a40ff448) 
thrown [s\open\src\hotspot\share\interpreter\linkResolver.cpp, line 759]
Event: 2.747 Thread 0x0000021383d5ef60 Exception <a 'java/lang/NoSuchMethodError'{0x00000000a3e4a9f0}: 'void java.lang.invoke.DirectMethodHandle$Holder.invokeStatic(java.lang.Object, java.lang.Object, int)'> (0x00000000a3e4a9f0) 
thrown [s\open\src\hotspot\share\interpreter\linkResolver.cpp, line 759]
Event: 2.781 Thread 0x0000021383d5ef60 Exception <a 'java/lang/NoSuchMethodError'{0x00000000a3de5dd0}: 'int java.lang.invoke.DirectMethodHandle$Holder.invokeSpecialIFC(java.lang.Object, java.lang.Object, java.lang.Object)'> (0x00000000a3de5dd0) 
thrown [s\open\src\hotspot\share\interpreter\linkResolver.cpp, line 759]
Event: 2.851 Thread 0x0000021383d5ef60 Exception <a 'java/lang/NoSuchMethodError'{0x00000000a3958950}: 'void java.lang.invoke.DirectMethodHandle$Holder.invokeSpecial(java.lang.Object, java.lang.Object, java.lang.Object, java.lang.Object, java.lang.Object, java.lang.Object)'> (0x00000000a3958950) 
thrown [s\open\src\hotspot\share\interpreter\linkResolver.cpp, line 759]
Event: 4.773 Thread 0x0000021383d5ef60 Exception <a 'java/lang/NoSuchMethodError'{0x00000000a6501c08}: 'java.lang.Object java.lang.invoke.DirectMethodHandle$Holder.invokeSpecialIFC(java.lang.Object, java.lang.Object, java.lang.Object)'> (0x00000000a6501c08) 
thrown [s\open\src\hotspot\share\interpreter\linkResolver.cpp, line 759]
Event: 4.869 Thread 0x0000021383d5ef60 Exception <a 'java/lang/ClassNotFoundException'{0x00000000a65abe68}: sun/util/logging/resources/spi/loggingProvider> (0x00000000a65abe68) 
thrown [s\open\src\hotspot\share\classfile\systemDictionary.cpp, line 256]
Event: 5.189 Thread 0x0000021383d5ef60 Exception <a 'sun/nio/fs/WindowsException'{0x00000000a60a3118}> (0x00000000a60a3118) 
thrown [s\open\src\hotspot\share\prims\jni.cpp, line 516]
Event: 5.242 Thread 0x0000021383d5ef60 Exception <a 'java/lang/NoSuchMethodError'{0x00000000a5e436d8}: 'java.lang.Object java.lang.invoke.DirectMethodHandle$Holder.invokeStaticInit(java.lang.Object, java.lang.Object, java.lang.Object, int)'> (0x00000000a5e436d8) 
thrown [s\open\src\hotspot\share\interpreter\linkResolver.cpp, line 759]
Event: 5.244 Thread 0x0000021383d5ef60 Exception <a 'java/lang/NoSuchMethodError'{0x00000000a5e534a8}: 'java.lang.Object java.lang.invoke.DirectMethodHandle$Holder.invokeStatic(java.lang.Object, java.lang.Object, java.lang.Object, java.lang.Object, java.lang.Object, java.lang.Object, java.lang.Object, int)'> (0x00000000a5e534a8) 
thrown [s\open\src\hotspot\share\interpreter\linkResolver.cpp, line 759]
Event: 5.244 Thread 0x0000021383d5ef60 Exception <a 'java/lang/NoSuchMethodError'{0x00000000a5e58020}: 'java.lang.Object java.lang.invoke.DirectMethodHandle$Holder.invokeStaticInit(java.lang.Object, java.lang.Object, java.lang.Object, java.lang.Object, java.lang.Object, java.lang.Object, java.lang.Object, int)'> (0x00000000a5e58020) 
thrown [s\open\src\hotspot\share\interpreter\linkResolver.cpp, line 759]
Event: 5.259 Thread 0x0000021383d5ef60 Exception <a 'java/lang/NoSuchMethodError'{0x00000000a5eb6f78}: 'java.lang.Object java.lang.invoke.DirectMethodHandle$Holder.newInvokeSpecial(java.lang.Object, java.lang.Object, java.lang.Object, int)'> (0x00000000a5eb6f78) 
thrown [s\open\src\hotspot\share\interpreter\linkResolver.cpp, line 759]
Event: 5.260 Thread 0x0000021383d5ef60 Exception <a 'java/lang/NoSuchMethodError'{0x00000000a5ebb178}: 'java.lang.Object java.lang.invoke.DirectMethodHandle$Holder.invokeSpecial(java.lang.Object, java.lang.Object, java.lang.Object, java.lang.Object, int)'> (0x00000000a5ebb178) 
thrown [s\open\src\hotspot\share\interpreter\linkResolver.cpp, line 759]
Event: 5.260 Thread 0x0000021383d5ef60 Exception <a 'java/lang/NoSuchMethodError'{0x00000000a5ebed40}: 'java.lang.Object java.lang.invoke.Invokers$Holder.linkToTargetMethod(java.lang.Object, java.lang.Object, int, java.lang.Object)'> (0x00000000a5ebed40) 
thrown [s\open\src\hotspot\share\interpreter\linkResolver.cpp, line 759]

VM Operations (20 events):
Event: 2.395 Executing VM operation: G1Concurrent
Event: 2.397 Executing VM operation: G1Concurrent done
Event: 2.706 Executing VM operation: HandshakeAllThreads
Event: 2.706 Executing VM operation: HandshakeAllThreads done
Event: 2.706 Executing VM operation: HandshakeAllThreads
Event: 2.707 Executing VM operation: HandshakeAllThreads done
Event: 2.709 Executing VM operation: HandshakeAllThreads
Event: 2.709 Executing VM operation: HandshakeAllThreads done
Event: 2.805 Executing VM operation: HandshakeAllThreads
Event: 2.805 Executing VM operation: HandshakeAllThreads done
Event: 2.965 Executing VM operation: G1CollectForAllocation
Event: 2.972 Executing VM operation: G1CollectForAllocation done
Event: 2.992 Executing VM operation: G1CollectForAllocation
Event: 2.996 Executing VM operation: G1CollectForAllocation done
Event: 3.018 Executing VM operation: G1TryInitiateConcMark
Event: 3.019 Executing VM operation: G1TryInitiateConcMark done
Event: 4.031 Executing VM operation: Cleanup
Event: 4.031 Executing VM operation: Cleanup done
Event: 5.046 Executing VM operation: Cleanup
Event: 5.047 Executing VM operation: Cleanup done

Events (20 events):
Event: 4.939 loading class java/util/concurrent/locks/ReentrantReadWriteLock$FairSync done
Event: 4.950 loading class java/util/Base64
Event: 4.950 loading class java/util/Base64 done
Event: 4.950 loading class java/util/Base64$Encoder
Event: 4.951 loading class java/util/Base64$Encoder done
Event: 4.952 Thread 0x0000021384492fa0 Thread added: 0x0000021384492fa0
Event: 4.954 loading class java/util/concurrent/CompletableFuture$UniExceptionally
Event: 4.954 loading class java/util/concurrent/CompletableFuture$UniCompletion
Event: 4.954 loading class java/util/concurrent/CompletableFuture$UniCompletion done
Event: 4.955 loading class java/util/concurrent/CompletableFuture$UniExceptionally done
Event: 4.974 loading class java/lang/Deprecated
Event: 4.974 loading class java/lang/Deprecated done
Event: 5.200 loading class java/util/regex/Pattern$Pos
Event: 5.200 loading class java/util/regex/Pattern$Pos done
Event: 5.233 loading class java/util/regex/PatternSyntaxException
Event: 5.233 loading class java/util/regex/PatternSyntaxException done
Event: 5.265 loading class java/util/regex/Pattern$1
Event: 5.266 loading class java/util/regex/Pattern$1 done
Event: 5.280 loading class java/util/stream/Streams$RangeIntSpliterator
Event: 5.280 loading class java/util/stream/Streams$RangeIntSpliterator done


Dynamic libraries:
0x00007ff6a5440000 - 0x00007ff6a5450000 	C:\Program Files\Java\jdk-17.0.4.1\bin\java.exe
0x00007ffa949e0000 - 0x00007ffa94be9000 	C:\Windows\SYSTEM32\ntdll.dll
0x00007ffa93d20000 - 0x00007ffa93dde000 	C:\Windows\System32\KERNEL32.DLL
0x00007ffa91eb0000 - 0x00007ffa9222b000 	C:\Windows\System32\KERNELBASE.dll
0x00007ffa92740000 - 0x00007ffa92851000 	C:\Windows\System32\ucrtbase.dll
0x00007ffa79300000 - 0x00007ffa7931a000 	C:\Program Files\Java\jdk-17.0.4.1\bin\VCRUNTIME140.dll
0x00007ffa79320000 - 0x00007ffa79338000 	C:\Program Files\Java\jdk-17.0.4.1\bin\jli.dll
0x00007ffa92d00000 - 0x00007ffa92dae000 	C:\Windows\System32\ADVAPI32.dll
0x00007ffa946e0000 - 0x00007ffa94783000 	C:\Windows\System32\msvcrt.dll
0x00007ffa93050000 - 0x00007ffa930ee000 	C:\Windows\System32\sechost.dll
0x00007ffa92a90000 - 0x00007ffa92bb0000 	C:\Windows\System32\RPCRT4.dll
0x00007ffa92db0000 - 0x00007ffa92f5d000 	C:\Windows\System32\USER32.dll
0x00007ffa922b0000 - 0x00007ffa922d6000 	C:\Windows\System32\win32u.dll
0x00007ffa76280000 - 0x00007ffa76525000 	C:\Windows\WinSxS\amd64_microsoft.windows.common-controls_6595b64144ccf1df_6.0.22000.120_none_9d947278b86cc467\COMCTL32.dll
0x00007ffa94790000 - 0x00007ffa947b9000 	C:\Windows\System32\GDI32.dll
0x00007ffa92350000 - 0x00007ffa92468000 	C:\Windows\System32\gdi32full.dll
0x00007ffa92530000 - 0x00007ffa925cd000 	C:\Windows\System32\msvcp_win.dll
0x00007ffa8c1c0000 - 0x00007ffa8c1ca000 	C:\Windows\SYSTEM32\VERSION.dll
0x00007ffa93de0000 - 0x00007ffa93e12000 	C:\Windows\System32\IMM32.DLL
0x00007ffa8e180000 - 0x00007ffa8e18c000 	C:\Program Files\Java\jdk-17.0.4.1\bin\vcruntime140_1.dll
0x00007ffa6aa90000 - 0x00007ffa6ab1d000 	C:\Program Files\Java\jdk-17.0.4.1\bin\msvcp140.dll
0x00007ffa1b820000 - 0x00007ffa1c3e2000 	C:\Program Files\Java\jdk-17.0.4.1\bin\server\jvm.dll
0x00007ffa92960000 - 0x00007ffa92968000 	C:\Windows\System32\PSAPI.DLL
0x00007ffa8c650000 - 0x00007ffa8c683000 	C:\Windows\SYSTEM32\WINMM.dll
0x00007ffa68630000 - 0x00007ffa68639000 	C:\Windows\SYSTEM32\WSOCK32.dll
0x00007ffa92bb0000 - 0x00007ffa92c1f000 	C:\Windows\System32\WS2_32.dll
0x00007ffa90f30000 - 0x00007ffa90f48000 	C:\Windows\SYSTEM32\kernel.appcore.dll
0x00007ffa87df0000 - 0x00007ffa87dfa000 	C:\Program Files\Java\jdk-17.0.4.1\bin\jimage.dll
0x00007ffa8f810000 - 0x00007ffa8fa31000 	C:\Windows\SYSTEM32\DBGHELP.DLL
0x00007ffa80c40000 - 0x00007ffa80c71000 	C:\Windows\SYSTEM32\dbgcore.DLL
0x00007ffa92230000 - 0x00007ffa922af000 	C:\Windows\System32\bcryptPrimitives.dll
0x00007ffa82170000 - 0x00007ffa8217e000 	C:\Program Files\Java\jdk-17.0.4.1\bin\instrument.dll
0x00007ffa792d0000 - 0x00007ffa792f5000 	C:\Program Files\Java\jdk-17.0.4.1\bin\java.dll
0x00007ffa5fb10000 - 0x00007ffa5fbe6000 	C:\Program Files\Java\jdk-17.0.4.1\bin\jsvml.dll
0x00007ffa93560000 - 0x00007ffa93d17000 	C:\Windows\System32\SHELL32.dll
0x00007ffa8ffa0000 - 0x00007ffa90805000 	C:\Windows\SYSTEM32\windows.storage.dll
0x00007ffa942a0000 - 0x00007ffa94618000 	C:\Windows\System32\combase.dll
0x00007ffa8fe30000 - 0x00007ffa8ff96000 	C:\Windows\SYSTEM32\wintypes.dll
0x00007ffa92f60000 - 0x00007ffa9304a000 	C:\Windows\System32\SHCORE.dll
0x00007ffa94680000 - 0x00007ffa946dd000 	C:\Windows\System32\shlwapi.dll
0x00007ffa91de0000 - 0x00007ffa91e01000 	C:\Windows\SYSTEM32\profapi.dll
0x00007ffa73bd0000 - 0x00007ffa73be8000 	C:\Program Files\Java\jdk-17.0.4.1\bin\zip.dll
0x00007ffa79270000 - 0x00007ffa79289000 	C:\Program Files\Java\jdk-17.0.4.1\bin\net.dll
0x00007ffa8c8a0000 - 0x00007ffa8c9b4000 	C:\Windows\SYSTEM32\WINHTTP.dll
0x00007ffa91440000 - 0x00007ffa914a7000 	C:\Windows\system32\mswsock.dll
0x00007ffa754b0000 - 0x00007ffa754c6000 	C:\Program Files\Java\jdk-17.0.4.1\bin\nio.dll
0x00007ffa73430000 - 0x00007ffa7344a000 	C:\Program Files\JetBrains\IntelliJ IDEA Community Edition 2022.2.3\bin\breakgen64.dll
0x00007ffa81d60000 - 0x00007ffa81d70000 	C:\Program Files\Java\jdk-17.0.4.1\bin\verify.dll
0x00007ffa91680000 - 0x00007ffa91698000 	C:\Windows\SYSTEM32\CRYPTSP.dll
0x00007ffa90e90000 - 0x00007ffa90ec5000 	C:\Windows\system32\rsaenh.dll
0x00007ffa91530000 - 0x00007ffa91559000 	C:\Windows\SYSTEM32\USERENV.dll
0x00007ffa91890000 - 0x00007ffa918b7000 	C:\Windows\SYSTEM32\bcrypt.dll
0x00007ffa916a0000 - 0x00007ffa916ac000 	C:\Windows\SYSTEM32\CRYPTBASE.dll
0x00007ffa90aa0000 - 0x00007ffa90acd000 	C:\Windows\SYSTEM32\IPHLPAPI.DLL
0x00007ffa92950000 - 0x00007ffa92959000 	C:\Windows\System32\NSI.dll
0x00007ffa8c880000 - 0x00007ffa8c899000 	C:\Windows\SYSTEM32\dhcpcsvc6.DLL
0x00007ffa8ce50000 - 0x00007ffa8ce6e000 	C:\Windows\SYSTEM32\dhcpcsvc.DLL
0x00007ffa90ad0000 - 0x00007ffa90bb8000 	C:\Windows\SYSTEM32\DNSAPI.dll
0x00007ffa73420000 - 0x00007ffa7342e000 	C:\Program Files\Java\jdk-17.0.4.1\bin\sunmscapi.dll
0x00007ffa925d0000 - 0x00007ffa92732000 	C:\Windows\System32\CRYPT32.dll
0x00007ffa91860000 - 0x00007ffa91888000 	C:\Windows\SYSTEM32\ncrypt.dll
0x00007ffa917d0000 - 0x00007ffa91807000 	C:\Windows\SYSTEM32\NTASN1.dll
0x00007ffa84340000 - 0x00007ffa8434a000 	C:\Windows\System32\rasadhlp.dll
0x00007ffa89b70000 - 0x00007ffa89bf1000 	C:\Windows\System32\fwpuclnt.dll
0x00007ffa79260000 - 0x00007ffa79269000 	C:\Program Files\Java\jdk-17.0.4.1\bin\management.dll
0x00007ffa73660000 - 0x00007ffa7366b000 	C:\Program Files\Java\jdk-17.0.4.1\bin\management_ext.dll
0x00007ffa65530000 - 0x00007ffa65538000 	C:\Windows\system32\wshunix.dll
0x00007ffa24080000 - 0x00007ffa24097000 	C:\Windows\system32\napinsp.dll
0x00007ffa21800000 - 0x00007ffa2181b000 	C:\Windows\system32\pnrpnsp.dll
0x00007ffa1ea70000 - 0x00007ffa1ea82000 	C:\Windows\System32\winrnr.dll
0x00007ffa69d30000 - 0x00007ffa69d45000 	C:\Windows\system32\wshbth.dll
0x00007ffa36890000 - 0x00007ffa368af000 	C:\Windows\system32\nlansp_c.dll

dbghelp: loaded successfully - version: 4.0.5 - missing functions: none
symbol engine: initialized successfully - sym options: 0x614 - pdb path: .;C:\Program Files\Java\jdk-17.0.4.1\bin;C:\Windows\SYSTEM32;C:\Windows\WinSxS\amd64_microsoft.windows.common-controls_6595b64144ccf1df_6.0.22000.120_none_9d947278b86cc467;C:\Program Files\Java\jdk-17.0.4.1\bin\server;C:\Program Files\JetBrains\IntelliJ IDEA Community Edition 2022.2.3\bin

VM Arguments:
jvm_args: -ea -Didea.test.cyclic.buffer.size=1048576 -javaagent:C:\Program Files\JetBrains\IntelliJ IDEA Community Edition 2022.2.3\lib\idea_rt.jar=50939:C:\Program Files\JetBrains\IntelliJ IDEA Community Edition 2022.2.3\bin -Dfile.encoding=UTF-8 
java_command: com.intellij.rt.testng.RemoteTestNGStarter -usedefaultlisteners false -socket50938 @w@C:\Users\Fadhlillah\AppData\Local\Temp\idea_working_dirs_testng2.tmp -temp C:\Users\Fadhlillah\AppData\Local\Temp\idea_testng2.tmp
java_class_path (initial): C:\Program Files\JetBrains\IntelliJ IDEA Community Edition 2022.2.3\lib\idea_rt.jar;C:\Program Files\JetBrains\IntelliJ IDEA Community Edition 2022.2.3\plugins\testng\lib\testng-rt.jar;C:\Users\Fadhlillah\OneDrive\Documents\File Nadhil\git.server\java-cucumber-web-master\target\test-classes;C:\Users\Fadhlillah\OneDrive\Documents\File Nadhil\git.server\java-cucumber-web-master\target\classes;C:\Users\Fadhlillah\.m2\repository\io\cucumber\cucumber-java\7.8.1\cucumber-java-7.8.1.jar;C:\Users\Fadhlillah\.m2\repository\io\cucumber\cucumber-core\7.8.1\cucumber-core-7.8.1.jar;C:\Users\Fadhlillah\.m2\repository\io\cucumber\cucumber-gherkin\7.8.1\cucumber-gherkin-7.8.1.jar;C:\Users\Fadhlillah\.m2\repository\io\cucumber\cucumber-gherkin-messages\7.8.1\cucumber-gherkin-messages-7.8.1.jar;C:\Users\Fadhlillah\.m2\repository\io\cucumber\gherkin\24.0.0\gherkin-24.0.0.jar;C:\Users\Fadhlillah\.m2\repository\io\cucumber\messages\19.1.4\messages-19.1.4.jar;C:\Users\Fadhlillah\.m2\repository\io\cucumber\tag-expressions\4.1.0\tag-expressions-4.1.0.jar;C:\Users\Fadhlillah\.m2\repository\io\cucumber\cucumber-expressions\16.0.0\cucumber-expressions-16.0.0.jar;C:\Users\Fadhlillah\.m2\repository\io\cucumber\datatable\7.8.1\datatable-7.8.1.jar;C:\Users\Fadhlillah\.m2\repository\io\cucumber\cucumber-plugin\7.8.1\cucumber-plugin-7.8.1.jar;C:\Users\Fadhlillah\.m2\repository\io\cucumber\docstring\7.8.1\docstring-7.8.1.jar;C:\Users\Fadhlillah\.m2\repository\io\cucumber\html-formatter\20.1.0\html-formatter-20.1.0.jar;C:\Users\Fadhlillah\.m2\repository\io\cucumber\ci-environment\9.1.0\ci-environment-9.1.0.jar;C:\Users\Fadhlillah\.m2\repository\org\apiguardian\apiguardian-api\1.1.2\apiguardian-api-1.1.2.jar;C:\Users\Fadhlillah\.m2\repository\io\cucumber\cucumber-testng\7.8.1\cucumber-testng-7.8.1.jar;C:\Users\Fadhlillah\.m2\repository\org\testng\testng\7.6.1\testng-7.6.1.jar;C:\Users\Fadhlillah\.m2\repository\com\google\code\findbugs\jsr305\3.0.2\jsr305-3.0.2.jar;C:\Users
Launcher Type: SUN_STANDARD

[Global flags]
     intx CICompilerCount                          = 4                                         {product} {ergonomic}
     uint ConcGCThreads                            = 3                                         {product} {ergonomic}
     uint G1ConcRefinementThreads                  = 10                                        {product} {ergonomic}
   size_t G1HeapRegionSize                         = 1048576                                   {product} {ergonomic}
    uintx GCDrainStackTargetSize                   = 64                                        {product} {ergonomic}
   size_t InitialHeapSize                          = 98566144                                  {product} {ergonomic}
   size_t MarkStackSize                            = 4194304                                   {product} {ergonomic}
   size_t MaxHeapSize                              = 1574961152                                {product} {ergonomic}
   size_t MaxNewSize                               = 944766976                                 {product} {ergonomic}
   size_t MinHeapDeltaBytes                        = 1048576                                   {product} {ergonomic}
   size_t MinHeapSize                              = 8388608                                   {product} {ergonomic}
    uintx NonNMethodCodeHeapSize                   = 5839372                                {pd product} {ergonomic}
    uintx NonProfiledCodeHeapSize                  = 122909434                              {pd product} {ergonomic}
    uintx ProfiledCodeHeapSize                     = 122909434                              {pd product} {ergonomic}
    uintx ReservedCodeCacheSize                    = 251658240                              {pd product} {ergonomic}
     bool SegmentedCodeCache                       = true                                      {product} {ergonomic}
   size_t SoftMaxHeapSize                          = 1574961152                             {manageable} {ergonomic}
     bool UseCompressedClassPointers               = true                           {product lp64_product} {ergonomic}
     bool UseCompressedOops                        = true                           {product lp64_product} {ergonomic}
     bool UseG1GC                                  = true                                      {product} {ergonomic}
     bool UseLargePagesIndividualAllocation        = false                                  {pd product} {ergonomic}

Logging:
Log output configuration:
 #0: stdout all=warning uptime,level,tags
 #1: stderr all=off uptime,level,tags

Environment Variables:
JAVA_HOME=C:\Program Files\Java\jdk-17.0.4.1
PATH=C:\Program Files\Common Files\Oracle\Java\javapath;C:\Windows\system32;C:\Windows;C:\Windows\System32\Wbem;C:\Windows\System32\WindowsPowerShell\v1.0\;C:\Windows\System32\OpenSSH\;C:\Program Files\Git\cmd;C:\Program Files\nodejs\;C:\ProgramData\chocolatey\bin;C:\Users\Fadhlillah\AppData\Local\Android\Sdk\platform-tools;C:\Program Files\apache-maven-3.8.6\bin;C:\Users\Fadhlillah\AppData\Local\Microsoft\WindowsApps;C:\Users\Fadhlillah\AppData\Local\Programs\Microsoft VS Code\bin;C:\Users\Fadhlillah\AppData\Roaming\npm;C:\Program Files\JetBrains\IntelliJ IDEA Community Edition 2022.2.3\bin;;C:\Program Files\apache-maven-3.8.6\bin;
USERNAME=Fadhlillah
OS=Windows_NT
PROCESSOR_IDENTIFIER=AMD64 Family 23 Model 104 Stepping 1, AuthenticAMD



---------------  S Y S T E M  ---------------

OS:
 Windows 11 , 64 bit Build 22000 (10.0.22000.1335)
OS uptime: 9 days 23:08 hours

CPU: total 12 (initial active 12) (12 cores per cpu, 2 threads per core) family 23 model 104 stepping 1 microcode 0x0, cx8, cmov, fxsr, ht, mmx, 3dnowpref, sse, sse2, sse3, ssse3, sse4a, sse4.1, sse4.2, popcnt, lzcnt, tsc, tscinvbit, avx, avx2, aes, clmul, bmi1, bmi2, adx, sha, fma, vzeroupper, clflush, clflushopt

Memory: 4k page, system-wide physical 6005M (265M free)
TotalPageFile size 24437M (AvailPageFile size 9M)
current process WorkingSet (physical memory assigned to process): 203M, peak: 213M
current process commit charge ("private bytes"): 262M, peak: 276M

vm_info: Java HotSpot(TM) 64-Bit Server VM (17.0.4.1+1-LTS-2) for windows-amd64 JRE (17.0.4.1+1-LTS-2), built on Aug 16 2022 18:32:06 by "mach5one" with MS VC++ 16.8 / 16.9 (VS2019)

END.
