#
# There is insufficient memory for the Java Runtime Environment to continue.
# Native memory allocation (malloc) failed to allocate 1731696 bytes for Chunk::new
# Possible reasons:
#   The system is out of physical RAM or swap space
#   The process is running with CompressedOops enabled, and the Java Heap may be blocking the growth of the native heap
# Possible solutions:
#   Reduce memory load on the system
#   Increase physical memory or swap space
#   Check if swap backing store is full
#   Decrease Java heap size (-Xmx/-Xms)
#   Decrease number of Java threads
#   Decrease Java thread stack sizes (-Xss)
#   Set larger code cache with -XX:ReservedCodeCacheSize=
#   JVM is running with Unscaled Compressed Oops mode in which the Java heap is
#     placed in the first 4GB address space. The Java Heap base address is the
#     maximum limit for the native heap growth. Please use -XX:HeapBaseMinAddress
#     to set the Java Heap base and to place the Java Heap above 4GB virtual address.
# This output file may be truncated or incomplete.
#
#  Out of Memory Error (arena.cpp:189), pid=76548, tid=66220
#
# JRE version: Java(TM) SE Runtime Environment (17.0.4.1+1) (build 17.0.4.1+1-LTS-2)
# Java VM: Java HotSpot(TM) 64-Bit Server VM (17.0.4.1+1-LTS-2, mixed mode, sharing, tiered, compressed oops, compressed class ptrs, g1 gc, windows-amd64)
# No core dump will be written. Minidumps are not enabled by default on client versions of Windows
#

---------------  S U M M A R Y ------------

Command Line: -ea -Didea.test.cyclic.buffer.size=1048576 -javaagent:C:\Program Files\JetBrains\IntelliJ IDEA Community Edition 2022.2.3\lib\idea_rt.jar=62064:C:\Program Files\JetBrains\IntelliJ IDEA Community Edition 2022.2.3\bin -Dfile.encoding=UTF-8 com.intellij.rt.testng.RemoteTestNGStarter -usedefaultlisteners false -socket62063 @w@C:\Users\Fadhlillah\AppData\Local\Temp\idea_working_dirs_testng6.tmp -temp C:\Users\Fadhlillah\AppData\Local\Temp\idea_testng5.tmp

Host: AMD Ryzen 5 5500U with Radeon Graphics         , 12 cores, 5G,  Windows 11 , 64 bit Build 22000 (10.0.22000.1335)
Time: Mon Dec 26 14:29:14 2022 SE Asia Standard Time elapsed time: 14.292799 seconds (0d 0h 0m 14s)

---------------  T H R E A D  ---------------

Current thread (0x000001bdc4426560):  JavaThread "C2 CompilerThread0" daemon [_thread_in_native, id=66220, stack(0x0000007748f00000,0x0000007749000000)]


Current CompileTask:
C2:  14292 3218   !   4       jdk.internal.loader.BuiltinClassLoader::loadClassOrNull (143 bytes)

Stack: [0x0000007748f00000,0x0000007749000000]
Native frames: (J=compiled Java code, j=interpreted, Vv=VM code, C=native code)
V  [jvm.dll+0x6723ba]
V  [jvm.dll+0x7d1e34]
V  [jvm.dll+0x7d35de]
V  [jvm.dll+0x7d3c43]
V  [jvm.dll+0x243065]
V  [jvm.dll+0xaa57b]
V  [jvm.dll+0xaab0c]
V  [jvm.dll+0x360412]
V  [jvm.dll+0x32a971]
V  [jvm.dll+0x329e1a]
V  [jvm.dll+0x2161a1]
V  [jvm.dll+0x2155c1]
V  [jvm.dll+0x1a1fcd]
V  [jvm.dll+0x224e08]
V  [jvm.dll+0x222f75]
V  [jvm.dll+0x787a0b]
V  [jvm.dll+0x781fca]
V  [jvm.dll+0x671245]
C  [ucrtbase.dll+0x26c0c]
C  [KERNEL32.DLL+0x155a0]
C  [ntdll.dll+0x485b]


---------------  P R O C E S S  ---------------

Threads class SMR info:
_java_thread_list=0x000001bdc5f675e0, length=71, elements={
0x000001bda52f5f90, 0x000001bdc44085e0, 0x000001bdc440b0b0, 0x000001bdc4420ea0,
0x000001bdc4424790, 0x000001bdc4424c60, 0x000001bdc4425340, 0x000001bdc4426560,
0x000001bdc44598a0, 0x000001bdc4459db0, 0x000001bdc50a9a10, 0x000001bdc50a9540,
0x000001bdc50a9070, 0x000001bdc50a7d30, 0x000001bdc50a7860, 0x000001bdc50aa3b0,
0x000001bdc50a6ec0, 0x000001bdc50a8ba0, 0x000001bdc50a69f0, 0x000001bdc50a7390,
0x000001bdc7be3960, 0x000001bdc7be5b10, 0x000001bdc7be2620, 0x000001bdc7be3490,
0x000001bdc7be2af0, 0x000001bdc7be5640, 0x000001bdc7be2150, 0x000001bdc7be3e30,
0x000001bdc7be5fe0, 0x000001bdc7be0470, 0x000001bdc7be0940, 0x000001bdc7be4300,
0x000001bdc7be47d0, 0x000001bdc7be64b0, 0x000001bdc7be0e10, 0x000001bdc7be6980,
0x000001bdc7be17b0, 0x000001bdc7be4ca0, 0x000001bdc7be5170, 0x000001bdc7be12e0,
0x000001bdc7be77f0, 0x000001bdc7be6e50, 0x000001bdc7be7320, 0x000001bdc7bdffa0,
0x000001bdc7be1c80, 0x000001bdc7be2fc0, 0x000001bdc7b11550, 0x000001bdc7b12890,
0x000001bdc7b153e0, 0x000001bdc7b188d0, 0x000001bdc7b11080, 0x000001bdc7b16720,
0x000001bdc7b123c0, 0x000001bdc7b13bd0, 0x000001bdc7b14a40, 0x000001bdc7b17f30,
0x000001bdc7b158b0, 0x000001bdc7b16bf0, 0x000001bdc7b15d80, 0x000001bdc7b11a20,
0x000001bdc7b13230, 0x000001bdc7b13700, 0x000001bdc7b14f10, 0x000001bdc7b12d60,
0x000001bdc83f5710, 0x000001bdc811f630, 0x000001bdc64200d0, 0x000001bdc84d26f0,
0x000001bdc64205a0, 0x000001bdc7d36520, 0x000001bdc803a900
}

Java Threads: ( => current thread )
  0x000001bda52f5f90 JavaThread "main" [_thread_blocked, id=70248, stack(0x0000007748200000,0x0000007748300000)]
  0x000001bdc44085e0 JavaThread "Reference Handler" daemon [_thread_blocked, id=68476, stack(0x0000007748900000,0x0000007748a00000)]
  0x000001bdc440b0b0 JavaThread "Finalizer" daemon [_thread_blocked, id=68764, stack(0x0000007748a00000,0x0000007748b00000)]
  0x000001bdc4420ea0 JavaThread "Signal Dispatcher" daemon [_thread_blocked, id=11556, stack(0x0000007748b00000,0x0000007748c00000)]
  0x000001bdc4424790 JavaThread "Attach Listener" daemon [_thread_blocked, id=69312, stack(0x0000007748c00000,0x0000007748d00000)]
  0x000001bdc4424c60 JavaThread "Service Thread" daemon [_thread_blocked, id=75788, stack(0x0000007748d00000,0x0000007748e00000)]
  0x000001bdc4425340 JavaThread "Monitor Deflation Thread" daemon [_thread_blocked, id=62348, stack(0x0000007748e00000,0x0000007748f00000)]
=>0x000001bdc4426560 JavaThread "C2 CompilerThread0" daemon [_thread_in_native, id=66220, stack(0x0000007748f00000,0x0000007749000000)]
  0x000001bdc44598a0 JavaThread "C1 CompilerThread0" daemon [_thread_in_native, id=75992, stack(0x0000007749000000,0x0000007749100000)]
  0x000001bdc4459db0 JavaThread "Sweeper thread" daemon [_thread_blocked, id=72776, stack(0x0000007749100000,0x0000007749200000)]
  0x000001bdc50a9a10 JavaThread "Common-Cleaner" daemon [_thread_blocked, id=37612, stack(0x0000007749200000,0x0000007749300000)]
  0x000001bdc50a9540 JavaThread "Monitor Ctrl-Break" daemon [_thread_in_native, id=69840, stack(0x0000007749300000,0x0000007749400000)]
  0x000001bdc50a9070 JavaThread "Notification Thread" daemon [_thread_blocked, id=76460, stack(0x0000007749400000,0x0000007749500000)]
  0x000001bdc50a7d30 JavaThread "Forwarding newSession on session null to remote" [_thread_blocked, id=73080, stack(0x0000007749f00000,0x000000774a000000)]
  0x000001bdc50a7860 JavaThread "Forwarding newSession on session null to remote" [_thread_blocked, id=75596, stack(0x000000774a000000,0x000000774a100000)]
  0x000001bdc50aa3b0 JavaThread "Forwarding newSession on session null to remote" [_thread_blocked, id=71516, stack(0x000000774a100000,0x000000774a200000)]
  0x000001bdc50a6ec0 JavaThread "Forwarding newSession on session null to remote" [_thread_blocked, id=75516, stack(0x000000774a200000,0x000000774a300000)]
  0x000001bdc50a8ba0 JavaThread "Forwarding newSession on session null to remote" [_thread_blocked, id=74180, stack(0x000000774a300000,0x000000774a400000)]
  0x000001bdc50a69f0 JavaThread "Forwarding newSession on session null to remote" [_thread_in_Java, id=60232, stack(0x000000774a400000,0x000000774a500000)]
  0x000001bdc50a7390 JavaThread "Forwarding newSession on session null to remote" [_thread_blocked, id=75064, stack(0x000000774a500000,0x000000774a600000)]
  0x000001bdc7be3960 JavaThread "ForkJoinPool.commonPool-worker-1" daemon [_thread_blocked, id=76360, stack(0x000000774a600000,0x000000774a700000)]
  0x000001bdc7be5b10 JavaThread "AsyncHttpClient-1-1" daemon [_thread_blocked, id=71360, stack(0x000000774a700000,0x000000774a800000)]
  0x000001bdc7be2620 JavaThread "Exec Default Executor" daemon [_thread_in_native, id=76516, stack(0x000000774aa00000,0x000000774ab00000)]
  0x000001bdc7be3490 JavaThread "Exec Default Executor" daemon [_thread_in_native, id=76044, stack(0x000000774ab00000,0x000000774ac00000)]
  0x000001bdc7be2af0 JavaThread "Exec Default Executor" daemon [_thread_in_native, id=60488, stack(0x000000774ac00000,0x000000774ad00000)]
  0x000001bdc7be5640 JavaThread "Exec Default Executor" daemon [_thread_in_native, id=75988, stack(0x000000774ad00000,0x000000774ae00000)]
  0x000001bdc7be2150 JavaThread "Exec Default Executor" daemon [_thread_in_native, id=69856, stack(0x000000774ae00000,0x000000774af00000)]
  0x000001bdc7be3e30 JavaThread "Exec Default Executor" daemon [_thread_in_native, id=63268, stack(0x000000774af00000,0x000000774b000000)]
  0x000001bdc7be5fe0 JavaThread "Exec Default Executor" daemon [_thread_in_native, id=9044, stack(0x000000774b000000,0x000000774b100000)]
  0x000001bdc7be0470 JavaThread "Driver Service Executor" daemon [_thread_blocked, id=42828, stack(0x000000774b100000,0x000000774b200000)]
  0x000001bdc7be0940 JavaThread "Driver Service Executor" daemon [_thread_blocked, id=10008, stack(0x000000774b200000,0x000000774b300000)]
  0x000001bdc7be4300 JavaThread "Driver Service Executor" daemon [_thread_blocked, id=69796, stack(0x000000774b300000,0x000000774b400000)]
  0x000001bdc7be47d0 JavaThread "Driver Service Executor" daemon [_thread_blocked, id=65088, stack(0x000000774b400000,0x000000774b500000)]
  0x000001bdc7be64b0 JavaThread "Driver Service Executor" daemon [_thread_blocked, id=71792, stack(0x000000774b500000,0x000000774b600000)]
  0x000001bdc7be0e10 JavaThread "Driver Service Executor" daemon [_thread_blocked, id=71476, stack(0x000000774b600000,0x000000774b700000)]
  0x000001bdc7be6980 JavaThread "Driver Service Executor" daemon [_thread_blocked, id=30724, stack(0x000000774b700000,0x000000774b800000)]
  0x000001bdc7be17b0 JavaThread "Driver Service Executor" daemon [_thread_blocked, id=64736, stack(0x000000774b800000,0x000000774b900000)]
  0x000001bdc7be4ca0 JavaThread "Driver Service Executor" daemon [_thread_blocked, id=75764, stack(0x000000774b900000,0x000000774ba00000)]
  0x000001bdc7be5170 JavaThread "Driver Service Executor" daemon [_thread_blocked, id=71872, stack(0x000000774ba00000,0x000000774bb00000)]
  0x000001bdc7be12e0 JavaThread "Driver Service Executor" daemon [_thread_blocked, id=29468, stack(0x000000774bb00000,0x000000774bc00000)]
  0x000001bdc7be77f0 JavaThread "Driver Service Executor" daemon [_thread_blocked, id=33168, stack(0x000000774bc00000,0x000000774bd00000)]
  0x000001bdc7be6e50 JavaThread "Driver Service Executor" daemon [_thread_blocked, id=44164, stack(0x000000774bd00000,0x000000774be00000)]
  0x000001bdc7be7320 JavaThread "Driver Service Executor" daemon [_thread_blocked, id=12732, stack(0x000000774be00000,0x000000774bf00000)]
  0x000001bdc7bdffa0 JavaThread "UrlChecker-6" daemon [_thread_blocked, id=47704, stack(0x000000774bf00000,0x000000774c000000)]
  0x000001bdc7be1c80 JavaThread "UrlChecker-7" daemon [_thread_blocked, id=40540, stack(0x000000774c000000,0x000000774c100000)]
  0x000001bdc7be2fc0 JavaThread "UrlChecker-3" daemon [_thread_blocked, id=39192, stack(0x000000774c100000,0x000000774c200000)]
  0x000001bdc7b11550 JavaThread "UrlChecker-8" daemon [_thread_blocked, id=75768, stack(0x000000774c200000,0x000000774c300000)]
  0x000001bdc7b12890 JavaThread "UrlChecker-4" daemon [_thread_blocked, id=74920, stack(0x000000774c300000,0x000000774c400000)]
  0x000001bdc7b153e0 JavaThread "UrlChecker-2" daemon [_thread_blocked, id=75732, stack(0x000000774c400000,0x000000774c500000)]
  0x000001bdc7b188d0 JavaThread "UrlChecker-5" daemon [_thread_blocked, id=54800, stack(0x000000774c500000,0x000000774c600000)]
  0x000001bdc7b11080 JavaThread "Exec Stream Pumper" daemon [_thread_in_native, id=75856, stack(0x000000774c700000,0x000000774c800000)]
  0x000001bdc7b16720 JavaThread "Exec Stream Pumper" daemon [_thread_in_native, id=75884, stack(0x000000774c800000,0x000000774c900000)]
  0x000001bdc7b123c0 JavaThread "Exec Stream Pumper" daemon [_thread_in_native, id=74196, stack(0x000000774c900000,0x000000774ca00000)]
  0x000001bdc7b13bd0 JavaThread "Exec Stream Pumper" daemon [_thread_in_native, id=58404, stack(0x000000774ca00000,0x000000774cb00000)]
  0x000001bdc7b14a40 JavaThread "Exec Stream Pumper" daemon [_thread_in_native, id=75508, stack(0x000000774cb00000,0x000000774cc00000)]
  0x000001bdc7b17f30 JavaThread "Exec Stream Pumper" daemon [_thread_in_native, id=76036, stack(0x000000774cc00000,0x000000774cd00000)]
  0x000001bdc7b158b0 JavaThread "Exec Stream Pumper" daemon [_thread_in_native, id=64776, stack(0x000000774cd00000,0x000000774ce00000)]
  0x000001bdc7b16bf0 JavaThread "Exec Stream Pumper" daemon [_thread_in_native, id=74076, stack(0x000000774ce00000,0x000000774cf00000)]
  0x000001bdc7b15d80 JavaThread "Exec Stream Pumper" daemon [_thread_in_native, id=66016, stack(0x000000774cf00000,0x000000774d000000)]
  0x000001bdc7b11a20 JavaThread "Exec Stream Pumper" daemon [_thread_in_native, id=74724, stack(0x000000774d000000,0x000000774d100000)]
  0x000001bdc7b13230 JavaThread "Exec Stream Pumper" daemon [_thread_in_native, id=57596, stack(0x000000774d100000,0x000000774d200000)]
  0x000001bdc7b13700 JavaThread "Exec Stream Pumper" daemon [_thread_in_native, id=75616, stack(0x000000774d200000,0x000000774d300000)]
  0x000001bdc7b14f10 JavaThread "Exec Stream Pumper" daemon [_thread_in_native, id=55492, stack(0x000000774d300000,0x000000774d400000)]
  0x000001bdc7b12d60 JavaThread "Exec Stream Pumper" daemon [_thread_in_native, id=72676, stack(0x000000774d400000,0x000000774d500000)]
  0x000001bdc83f5710 JavaThread "AsyncHttpClient-1-4" daemon [_thread_in_native, id=71244, stack(0x000000774d600000,0x000000774d700000)]
  0x000001bdc811f630 JavaThread "AsyncHttpClient-1-6" daemon [_thread_in_native, id=42688, stack(0x000000774d700000,0x000000774d800000)]
  0x000001bdc64200d0 JavaThread "AsyncHttpClient-1-7" daemon [_thread_in_native, id=74012, stack(0x000000774d800000,0x000000774d900000)]
  0x000001bdc84d26f0 JavaThread "AsyncHttpClient-1-3" daemon [_thread_in_native, id=76584, stack(0x000000774d900000,0x000000774da00000)]
  0x000001bdc64205a0 JavaThread "AsyncHttpClient-1-5" daemon [_thread_in_native, id=25476, stack(0x000000774da00000,0x000000774db00000)]
  0x000001bdc7d36520 JavaThread "AsyncHttpClient-1-2" daemon [_thread_in_native, id=60780, stack(0x000000774db00000,0x000000774dc00000)]
  0x000001bdc803a900 JavaThread "AsyncHttpClient-1-8" daemon [_thread_in_native, id=76732, stack(0x000000774dc00000,0x000000774dd00000)]

Other Threads:
  0x000001bdc4404c40 VMThread "VM Thread" [stack: 0x0000007748800000,0x0000007748900000] [id=70904]
  0x000001bda5365970 WatcherThread [stack: 0x0000007749500000,0x0000007749600000] [id=76456]
  0x000001bda5341770 GCTaskThread "GC Thread#0" [stack: 0x0000007748300000,0x0000007748400000] [id=44580]
  0x000001bdc5b740d0 GCTaskThread "GC Thread#1" [stack: 0x0000007749600000,0x0000007749700000] [id=75804]
  0x000001bdc5ba4e00 GCTaskThread "GC Thread#2" [stack: 0x0000007749700000,0x0000007749800000] [id=47124]
  0x000001bdc5ba50b0 GCTaskThread "GC Thread#3" [stack: 0x0000007749800000,0x0000007749900000] [id=75900]
  0x000001bdc5bd7d60 GCTaskThread "GC Thread#4" [stack: 0x0000007749900000,0x0000007749a00000] [id=75844]
  0x000001bdc5bd8410 GCTaskThread "GC Thread#5" [stack: 0x0000007749a00000,0x0000007749b00000] [id=75852]
  0x000001bdc5bd90f0 GCTaskThread "GC Thread#6" [stack: 0x0000007749b00000,0x0000007749c00000] [id=40184]
  0x000001bdc5cbe330 GCTaskThread "GC Thread#7" [stack: 0x0000007749c00000,0x0000007749d00000] [id=57072]
  0x000001bdc6b4a7a0 GCTaskThread "GC Thread#8" [stack: 0x0000007749d00000,0x0000007749e00000] [id=71568]
  0x000001bdc6b4aa50 GCTaskThread "GC Thread#9" [stack: 0x0000007749e00000,0x0000007749f00000] [id=76612]
  0x000001bda534eaf0 ConcurrentGCThread "G1 Main Marker" [stack: 0x0000007748400000,0x0000007748500000] [id=43520]
  0x000001bda5350a60 ConcurrentGCThread "G1 Conc#0" [stack: 0x0000007748500000,0x0000007748600000] [id=52572]
  0x000001bdc5e5cdd0 ConcurrentGCThread "G1 Conc#1" [stack: 0x000000774a800000,0x000000774a900000] [id=75976]
  0x000001bdc5e5c310 ConcurrentGCThread "G1 Conc#2" [stack: 0x000000774a900000,0x000000774aa00000] [id=71528]
  0x000001bda53bd0a0 ConcurrentGCThread "G1 Refine#0" [stack: 0x0000007748600000,0x0000007748700000] [id=75124]
  0x000001bda53bd870 ConcurrentGCThread "G1 Service" [stack: 0x0000007748700000,0x0000007748800000] [id=43908]

Threads with active compile tasks:
C2 CompilerThread0    14355 3218   !   4       jdk.internal.loader.BuiltinClassLoader::loadClassOrNull (143 bytes)

VM state: not at safepoint (normal execution)

VM Mutex/Monitor currently owned by a thread: None

Heap address: 0x00000000a2200000, size: 1502 MB, Compressed Oops mode: 32-bit

CDS archive(s) mapped at: [0x0000000800000000-0x0000000800bc0000-0x0000000800bc0000), size 12320768, SharedBaseAddress: 0x0000000800000000, ArchiveRelocationMode: 0.
Compressed class space mapped at: 0x0000000800c00000-0x0000000840c00000, reserved size: 1073741824
Narrow klass base: 0x0000000800000000, Narrow klass shift: 0, Narrow klass range: 0x100000000

GC Precious Log:
 CPUs: 12 total, 12 available
 Memory: 6005M
 Large Page Support: Disabled
 NUMA Support: Disabled
 Compressed Oops: Enabled (32-bit)
 Heap Region Size: 1M
 Heap Min Capacity: 8M
 Heap Initial Capacity: 94M
 Heap Max Capacity: 1502M
 Pre-touch: Disabled
 Parallel Workers: 10
 Concurrent Workers: 3
 Concurrent Refinement Workers: 10
 Periodic GC: Disabled

Heap:
 garbage-first heap   total 234496K, used 142405K [0x00000000a2200000, 0x0000000100000000)
  region size 1024K, 5 young (5120K), 0 survivors (0K)
 Metaspace       used 29386K, committed 29760K, reserved 1081344K
  class space    used 3896K, committed 4032K, reserved 1048576K

Heap Regions: E=young(eden), S=young(survivor), O=old, HS=humongous(starts), HC=humongous(continues), CS=collection set, F=free, OA=open archive, CA=closed archive, TAMS=top-at-mark-start (previous, next)
|   0|0x00000000a2200000, 0x00000000a2300000, 0x00000000a2300000|100%| O|  |TAMS 0x00000000a2300000, 0x00000000a2200000| Untracked 
|   1|0x00000000a2300000, 0x00000000a2400000, 0x00000000a2400000|100%| O|  |TAMS 0x00000000a2400000, 0x00000000a2300000| Untracked 
|   2|0x00000000a2400000, 0x00000000a2500000, 0x00000000a2500000|100%| O|  |TAMS 0x00000000a2500000, 0x00000000a2400000| Untracked 
|   3|0x00000000a2500000, 0x00000000a2600000, 0x00000000a2600000|100%| O|  |TAMS 0x00000000a2600000, 0x00000000a2500000| Untracked 
|   4|0x00000000a2600000, 0x00000000a2700000, 0x00000000a2700000|100%| O|  |TAMS 0x00000000a2700000, 0x00000000a2600000| Untracked 
|   5|0x00000000a2700000, 0x00000000a2800000, 0x00000000a2800000|100%| O|  |TAMS 0x00000000a2800000, 0x00000000a2700000| Untracked 
|   6|0x00000000a2800000, 0x00000000a2900000, 0x00000000a2900000|100%| O|  |TAMS 0x00000000a2900000, 0x00000000a2800000| Untracked 
|   7|0x00000000a2900000, 0x00000000a2a00000, 0x00000000a2a00000|100%| O|  |TAMS 0x00000000a2a00000, 0x00000000a2900000| Untracked 
|   8|0x00000000a2a00000, 0x00000000a2b00000, 0x00000000a2b00000|100%| O|  |TAMS 0x00000000a2b00000, 0x00000000a2a00000| Untracked 
|   9|0x00000000a2b00000, 0x00000000a2c00000, 0x00000000a2c00000|100%| O|  |TAMS 0x00000000a2c00000, 0x00000000a2b00000| Untracked 
|  10|0x00000000a2c00000, 0x00000000a2d00000, 0x00000000a2d00000|100%| O|  |TAMS 0x00000000a2d00000, 0x00000000a2c00000| Untracked 
|  11|0x00000000a2d00000, 0x00000000a2e00000, 0x00000000a2e00000|100%| O|  |TAMS 0x00000000a2e00000, 0x00000000a2d00000| Untracked 
|  12|0x00000000a2e00000, 0x00000000a2f00000, 0x00000000a2f00000|100%| O|  |TAMS 0x00000000a2f00000, 0x00000000a2e00000| Untracked 
|  13|0x00000000a2f00000, 0x00000000a3000000, 0x00000000a3000000|100%| O|  |TAMS 0x00000000a3000000, 0x00000000a2f00000| Untracked 
|  14|0x00000000a3000000, 0x00000000a3100000, 0x00000000a3100000|100%| O|  |TAMS 0x00000000a3100000, 0x00000000a3000000| Untracked 
|  15|0x00000000a3100000, 0x00000000a3200000, 0x00000000a3200000|100%| O|  |TAMS 0x00000000a3200000, 0x00000000a3100000| Untracked 
|  16|0x00000000a3200000, 0x00000000a3211400, 0x00000000a3300000|  6%| O|  |TAMS 0x00000000a3211400, 0x00000000a3200000| Untracked 
|  17|0x00000000a3300000, 0x00000000a3400000, 0x00000000a3400000|100%|HS|  |TAMS 0x00000000a3400000, 0x00000000a3300000| Complete 
|  18|0x00000000a3400000, 0x00000000a3500000, 0x00000000a3500000|100%|HC|  |TAMS 0x00000000a3500000, 0x00000000a3400000| Complete 
|  19|0x00000000a3500000, 0x00000000a3600000, 0x00000000a3600000|100%|HC|  |TAMS 0x00000000a3600000, 0x00000000a3500000| Complete 
|  20|0x00000000a3600000, 0x00000000a3700000, 0x00000000a3700000|100%|HC|  |TAMS 0x00000000a3700000, 0x00000000a3600000| Complete 
|  21|0x00000000a3700000, 0x00000000a3800000, 0x00000000a3800000|100%|HC|  |TAMS 0x00000000a3800000, 0x00000000a3700000| Complete 
|  22|0x00000000a3800000, 0x00000000a3900000, 0x00000000a3900000|100%|HC|  |TAMS 0x00000000a3900000, 0x00000000a3800000| Complete 
|  23|0x00000000a3900000, 0x00000000a3a00000, 0x00000000a3a00000|100%|HC|  |TAMS 0x00000000a3a00000, 0x00000000a3900000| Complete 
|  24|0x00000000a3a00000, 0x00000000a3b00000, 0x00000000a3b00000|100%|HC|  |TAMS 0x00000000a3b00000, 0x00000000a3a00000| Complete 
|  25|0x00000000a3b00000, 0x00000000a3c00000, 0x00000000a3c00000|100%|HC|  |TAMS 0x00000000a3c00000, 0x00000000a3b00000| Complete 
|  26|0x00000000a3c00000, 0x00000000a3d00000, 0x00000000a3d00000|100%|HC|  |TAMS 0x00000000a3d00000, 0x00000000a3c00000| Complete 
|  27|0x00000000a3d00000, 0x00000000a3e00000, 0x00000000a3e00000|100%|HC|  |TAMS 0x00000000a3e00000, 0x00000000a3d00000| Complete 
|  28|0x00000000a3e00000, 0x00000000a3f00000, 0x00000000a3f00000|100%|HC|  |TAMS 0x00000000a3f00000, 0x00000000a3e00000| Complete 
|  29|0x00000000a3f00000, 0x00000000a4000000, 0x00000000a4000000|100%|HC|  |TAMS 0x00000000a4000000, 0x00000000a3f00000| Complete 
|  30|0x00000000a4000000, 0x00000000a4100000, 0x00000000a4100000|100%|HC|  |TAMS 0x00000000a4100000, 0x00000000a4000000| Complete 
|  31|0x00000000a4100000, 0x00000000a4200000, 0x00000000a4200000|100%|HC|  |TAMS 0x00000000a4200000, 0x00000000a4100000| Complete 
|  32|0x00000000a4200000, 0x00000000a4300000, 0x00000000a4300000|100%|HC|  |TAMS 0x00000000a4300000, 0x00000000a4200000| Complete 
|  33|0x00000000a4300000, 0x00000000a4400000, 0x00000000a4400000|100%|HC|  |TAMS 0x00000000a4400000, 0x00000000a4300000| Complete 
|  34|0x00000000a4400000, 0x00000000a4500000, 0x00000000a4500000|100%|HS|  |TAMS 0x00000000a4500000, 0x00000000a4400000| Complete 
|  35|0x00000000a4500000, 0x00000000a4600000, 0x00000000a4600000|100%|HC|  |TAMS 0x00000000a4600000, 0x00000000a4500000| Complete 
|  36|0x00000000a4600000, 0x00000000a4700000, 0x00000000a4700000|100%|HC|  |TAMS 0x00000000a4700000, 0x00000000a4600000| Complete 
|  37|0x00000000a4700000, 0x00000000a4800000, 0x00000000a4800000|100%|HC|  |TAMS 0x00000000a4800000, 0x00000000a4700000| Complete 
|  38|0x00000000a4800000, 0x00000000a4900000, 0x00000000a4900000|100%|HC|  |TAMS 0x00000000a4900000, 0x00000000a4800000| Complete 
|  39|0x00000000a4900000, 0x00000000a4a00000, 0x00000000a4a00000|100%|HC|  |TAMS 0x00000000a4a00000, 0x00000000a4900000| Complete 
|  40|0x00000000a4a00000, 0x00000000a4b00000, 0x00000000a4b00000|100%|HC|  |TAMS 0x00000000a4b00000, 0x00000000a4a00000| Complete 
|  41|0x00000000a4b00000, 0x00000000a4c00000, 0x00000000a4c00000|100%|HC|  |TAMS 0x00000000a4c00000, 0x00000000a4b00000| Complete 
|  42|0x00000000a4c00000, 0x00000000a4d00000, 0x00000000a4d00000|100%|HC|  |TAMS 0x00000000a4d00000, 0x00000000a4c00000| Complete 
|  43|0x00000000a4d00000, 0x00000000a4e00000, 0x00000000a4e00000|100%|HC|  |TAMS 0x00000000a4e00000, 0x00000000a4d00000| Complete 
|  44|0x00000000a4e00000, 0x00000000a4f00000, 0x00000000a4f00000|100%|HC|  |TAMS 0x00000000a4f00000, 0x00000000a4e00000| Complete 
|  45|0x00000000a4f00000, 0x00000000a5000000, 0x00000000a5000000|100%|HC|  |TAMS 0x00000000a5000000, 0x00000000a4f00000| Complete 
|  46|0x00000000a5000000, 0x00000000a5100000, 0x00000000a5100000|100%|HC|  |TAMS 0x00000000a5100000, 0x00000000a5000000| Complete 
|  47|0x00000000a5100000, 0x00000000a5200000, 0x00000000a5200000|100%|HC|  |TAMS 0x00000000a5200000, 0x00000000a5100000| Complete 
|  48|0x00000000a5200000, 0x00000000a5300000, 0x00000000a5300000|100%|HC|  |TAMS 0x00000000a5300000, 0x00000000a5200000| Complete 
|  49|0x00000000a5300000, 0x00000000a5400000, 0x00000000a5400000|100%|HC|  |TAMS 0x00000000a5400000, 0x00000000a5300000| Complete 
|  50|0x00000000a5400000, 0x00000000a5500000, 0x00000000a5500000|100%|HC|  |TAMS 0x00000000a5500000, 0x00000000a5400000| Complete 
|  51|0x00000000a5500000, 0x00000000a5600000, 0x00000000a5600000|100%|HS|  |TAMS 0x00000000a5600000, 0x00000000a5500000| Complete 
|  52|0x00000000a5600000, 0x00000000a5700000, 0x00000000a5700000|100%|HC|  |TAMS 0x00000000a5700000, 0x00000000a5600000| Complete 
|  53|0x00000000a5700000, 0x00000000a5800000, 0x00000000a5800000|100%|HC|  |TAMS 0x00000000a5800000, 0x00000000a5700000| Complete 
|  54|0x00000000a5800000, 0x00000000a5900000, 0x00000000a5900000|100%|HC|  |TAMS 0x00000000a5900000, 0x00000000a5800000| Complete 
|  55|0x00000000a5900000, 0x00000000a5a00000, 0x00000000a5a00000|100%|HC|  |TAMS 0x00000000a5a00000, 0x00000000a5900000| Complete 
|  56|0x00000000a5a00000, 0x00000000a5b00000, 0x00000000a5b00000|100%|HC|  |TAMS 0x00000000a5b00000, 0x00000000a5a00000| Complete 
|  57|0x00000000a5b00000, 0x00000000a5c00000, 0x00000000a5c00000|100%|HC|  |TAMS 0x00000000a5c00000, 0x00000000a5b00000| Complete 
|  58|0x00000000a5c00000, 0x00000000a5d00000, 0x00000000a5d00000|100%|HC|  |TAMS 0x00000000a5d00000, 0x00000000a5c00000| Complete 
|  59|0x00000000a5d00000, 0x00000000a5e00000, 0x00000000a5e00000|100%|HC|  |TAMS 0x00000000a5e00000, 0x00000000a5d00000| Complete 
|  60|0x00000000a5e00000, 0x00000000a5f00000, 0x00000000a5f00000|100%|HC|  |TAMS 0x00000000a5f00000, 0x00000000a5e00000| Complete 
|  61|0x00000000a5f00000, 0x00000000a6000000, 0x00000000a6000000|100%|HC|  |TAMS 0x00000000a6000000, 0x00000000a5f00000| Complete 
|  62|0x00000000a6000000, 0x00000000a6100000, 0x00000000a6100000|100%|HC|  |TAMS 0x00000000a6100000, 0x00000000a6000000| Complete 
|  63|0x00000000a6100000, 0x00000000a6200000, 0x00000000a6200000|100%|HC|  |TAMS 0x00000000a6200000, 0x00000000a6100000| Complete 
|  64|0x00000000a6200000, 0x00000000a6300000, 0x00000000a6300000|100%|HC|  |TAMS 0x00000000a6300000, 0x00000000a6200000| Complete 
|  65|0x00000000a6300000, 0x00000000a6400000, 0x00000000a6400000|100%|HC|  |TAMS 0x00000000a6400000, 0x00000000a6300000| Complete 
|  66|0x00000000a6400000, 0x00000000a6500000, 0x00000000a6500000|100%|HC|  |TAMS 0x00000000a6500000, 0x00000000a6400000| Complete 
|  67|0x00000000a6500000, 0x00000000a6600000, 0x00000000a6600000|100%|HC|  |TAMS 0x00000000a6600000, 0x00000000a6500000| Complete 
|  68|0x00000000a6600000, 0x00000000a6700000, 0x00000000a6700000|100%|HS|  |TAMS 0x00000000a6700000, 0x00000000a6600000| Complete 
|  69|0x00000000a6700000, 0x00000000a6800000, 0x00000000a6800000|100%|HC|  |TAMS 0x00000000a6800000, 0x00000000a6700000| Complete 
|  70|0x00000000a6800000, 0x00000000a6900000, 0x00000000a6900000|100%|HC|  |TAMS 0x00000000a6900000, 0x00000000a6800000| Complete 
|  71|0x00000000a6900000, 0x00000000a6a00000, 0x00000000a6a00000|100%|HC|  |TAMS 0x00000000a6a00000, 0x00000000a6900000| Complete 
|  72|0x00000000a6a00000, 0x00000000a6b00000, 0x00000000a6b00000|100%|HC|  |TAMS 0x00000000a6b00000, 0x00000000a6a00000| Complete 
|  73|0x00000000a6b00000, 0x00000000a6c00000, 0x00000000a6c00000|100%|HC|  |TAMS 0x00000000a6c00000, 0x00000000a6b00000| Complete 
|  74|0x00000000a6c00000, 0x00000000a6d00000, 0x00000000a6d00000|100%|HC|  |TAMS 0x00000000a6d00000, 0x00000000a6c00000| Complete 
|  75|0x00000000a6d00000, 0x00000000a6e00000, 0x00000000a6e00000|100%|HC|  |TAMS 0x00000000a6e00000, 0x00000000a6d00000| Complete 
|  76|0x00000000a6e00000, 0x00000000a6f00000, 0x00000000a6f00000|100%|HC|  |TAMS 0x00000000a6f00000, 0x00000000a6e00000| Complete 
|  77|0x00000000a6f00000, 0x00000000a7000000, 0x00000000a7000000|100%|HC|  |TAMS 0x00000000a7000000, 0x00000000a6f00000| Complete 
|  78|0x00000000a7000000, 0x00000000a7100000, 0x00000000a7100000|100%|HC|  |TAMS 0x00000000a7100000, 0x00000000a7000000| Complete 
|  79|0x00000000a7100000, 0x00000000a7200000, 0x00000000a7200000|100%|HC|  |TAMS 0x00000000a7200000, 0x00000000a7100000| Complete 
|  80|0x00000000a7200000, 0x00000000a7300000, 0x00000000a7300000|100%|HC|  |TAMS 0x00000000a7300000, 0x00000000a7200000| Complete 
|  81|0x00000000a7300000, 0x00000000a7400000, 0x00000000a7400000|100%|HC|  |TAMS 0x00000000a7400000, 0x00000000a7300000| Complete 
|  82|0x00000000a7400000, 0x00000000a7500000, 0x00000000a7500000|100%|HC|  |TAMS 0x00000000a7500000, 0x00000000a7400000| Complete 
|  83|0x00000000a7500000, 0x00000000a7600000, 0x00000000a7600000|100%|HC|  |TAMS 0x00000000a7600000, 0x00000000a7500000| Complete 
|  84|0x00000000a7600000, 0x00000000a7700000, 0x00000000a7700000|100%|HC|  |TAMS 0x00000000a7700000, 0x00000000a7600000| Complete 
|  85|0x00000000a7700000, 0x00000000a7800000, 0x00000000a7800000|100%|HS|  |TAMS 0x00000000a7800000, 0x00000000a7700000| Complete 
|  86|0x00000000a7800000, 0x00000000a7900000, 0x00000000a7900000|100%|HC|  |TAMS 0x00000000a7900000, 0x00000000a7800000| Complete 
|  87|0x00000000a7900000, 0x00000000a7a00000, 0x00000000a7a00000|100%|HC|  |TAMS 0x00000000a7a00000, 0x00000000a7900000| Complete 
|  88|0x00000000a7a00000, 0x00000000a7b00000, 0x00000000a7b00000|100%|HC|  |TAMS 0x00000000a7b00000, 0x00000000a7a00000| Complete 
|  89|0x00000000a7b00000, 0x00000000a7c00000, 0x00000000a7c00000|100%|HC|  |TAMS 0x00000000a7c00000, 0x00000000a7b00000| Complete 
|  90|0x00000000a7c00000, 0x00000000a7d00000, 0x00000000a7d00000|100%|HC|  |TAMS 0x00000000a7d00000, 0x00000000a7c00000| Complete 
|  91|0x00000000a7d00000, 0x00000000a7e00000, 0x00000000a7e00000|100%|HC|  |TAMS 0x00000000a7e00000, 0x00000000a7d00000| Complete 
|  92|0x00000000a7e00000, 0x00000000a7f00000, 0x00000000a7f00000|100%|HC|  |TAMS 0x00000000a7f00000, 0x00000000a7e00000| Complete 
|  93|0x00000000a7f00000, 0x00000000a8000000, 0x00000000a8000000|100%|HC|  |TAMS 0x00000000a8000000, 0x00000000a7f00000| Complete 
|  94|0x00000000a8000000, 0x00000000a8100000, 0x00000000a8100000|100%|HC|  |TAMS 0x00000000a8100000, 0x00000000a8000000| Complete 
|  95|0x00000000a8100000, 0x00000000a8200000, 0x00000000a8200000|100%|HC|  |TAMS 0x00000000a8200000, 0x00000000a8100000| Complete 
|  96|0x00000000a8200000, 0x00000000a8300000, 0x00000000a8300000|100%|HC|  |TAMS 0x00000000a8300000, 0x00000000a8200000| Complete 
|  97|0x00000000a8300000, 0x00000000a8400000, 0x00000000a8400000|100%|HC|  |TAMS 0x00000000a8400000, 0x00000000a8300000| Complete 
|  98|0x00000000a8400000, 0x00000000a8500000, 0x00000000a8500000|100%|HC|  |TAMS 0x00000000a8500000, 0x00000000a8400000| Complete 
|  99|0x00000000a8500000, 0x00000000a8600000, 0x00000000a8600000|100%|HC|  |TAMS 0x00000000a8600000, 0x00000000a8500000| Complete 
| 100|0x00000000a8600000, 0x00000000a8700000, 0x00000000a8700000|100%|HC|  |TAMS 0x00000000a8700000, 0x00000000a8600000| Complete 
| 101|0x00000000a8700000, 0x00000000a8800000, 0x00000000a8800000|100%|HC|  |TAMS 0x00000000a8800000, 0x00000000a8700000| Complete 
| 102|0x00000000a8800000, 0x00000000a8900000, 0x00000000a8900000|100%| E|CS|TAMS 0x00000000a8800000, 0x00000000a8800000| Complete 
| 103|0x00000000a8900000, 0x00000000a8a00000, 0x00000000a8a00000|100%|HS|  |TAMS 0x00000000a8900000, 0x00000000a8900000| Complete 
| 104|0x00000000a8a00000, 0x00000000a8b00000, 0x00000000a8b00000|100%|HC|  |TAMS 0x00000000a8a00000, 0x00000000a8a00000| Complete 
| 105|0x00000000a8b00000, 0x00000000a8c00000, 0x00000000a8c00000|100%|HC|  |TAMS 0x00000000a8b00000, 0x00000000a8b00000| Complete 
| 106|0x00000000a8c00000, 0x00000000a8d00000, 0x00000000a8d00000|100%|HC|  |TAMS 0x00000000a8c00000, 0x00000000a8c00000| Complete 
| 107|0x00000000a8d00000, 0x00000000a8e00000, 0x00000000a8e00000|100%|HC|  |TAMS 0x00000000a8d00000, 0x00000000a8d00000| Complete 
| 108|0x00000000a8e00000, 0x00000000a8f00000, 0x00000000a8f00000|100%|HC|  |TAMS 0x00000000a8e00000, 0x00000000a8e00000| Complete 
| 109|0x00000000a8f00000, 0x00000000a9000000, 0x00000000a9000000|100%|HC|  |TAMS 0x00000000a8f00000, 0x00000000a8f00000| Complete 
| 110|0x00000000a9000000, 0x00000000a9100000, 0x00000000a9100000|100%|HC|  |TAMS 0x00000000a9000000, 0x00000000a9000000| Complete 
| 111|0x00000000a9100000, 0x00000000a9200000, 0x00000000a9200000|100%|HC|  |TAMS 0x00000000a9100000, 0x00000000a9100000| Complete 
| 112|0x00000000a9200000, 0x00000000a9300000, 0x00000000a9300000|100%|HC|  |TAMS 0x00000000a9200000, 0x00000000a9200000| Complete 
| 113|0x00000000a9300000, 0x00000000a9400000, 0x00000000a9400000|100%|HC|  |TAMS 0x00000000a9300000, 0x00000000a9300000| Complete 
| 114|0x00000000a9400000, 0x00000000a9500000, 0x00000000a9500000|100%|HC|  |TAMS 0x00000000a9400000, 0x00000000a9400000| Complete 
| 115|0x00000000a9500000, 0x00000000a9600000, 0x00000000a9600000|100%|HC|  |TAMS 0x00000000a9500000, 0x00000000a9500000| Complete 
| 116|0x00000000a9600000, 0x00000000a9700000, 0x00000000a9700000|100%|HC|  |TAMS 0x00000000a9600000, 0x00000000a9600000| Complete 
| 117|0x00000000a9700000, 0x00000000a9800000, 0x00000000a9800000|100%|HC|  |TAMS 0x00000000a9700000, 0x00000000a9700000| Complete 
| 118|0x00000000a9800000, 0x00000000a9900000, 0x00000000a9900000|100%|HC|  |TAMS 0x00000000a9800000, 0x00000000a9800000| Complete 
| 119|0x00000000a9900000, 0x00000000a9a00000, 0x00000000a9a00000|100%|HC|  |TAMS 0x00000000a9900000, 0x00000000a9900000| Complete 
| 120|0x00000000a9a00000, 0x00000000a9b00000, 0x00000000a9b00000|100%|HS|  |TAMS 0x00000000a9a00000, 0x00000000a9a00000| Complete 
| 121|0x00000000a9b00000, 0x00000000a9c00000, 0x00000000a9c00000|100%|HC|  |TAMS 0x00000000a9b00000, 0x00000000a9b00000| Complete 
| 122|0x00000000a9c00000, 0x00000000a9d00000, 0x00000000a9d00000|100%|HC|  |TAMS 0x00000000a9c00000, 0x00000000a9c00000| Complete 
| 123|0x00000000a9d00000, 0x00000000a9e00000, 0x00000000a9e00000|100%|HC|  |TAMS 0x00000000a9d00000, 0x00000000a9d00000| Complete 
| 124|0x00000000a9e00000, 0x00000000a9f00000, 0x00000000a9f00000|100%|HC|  |TAMS 0x00000000a9e00000, 0x00000000a9e00000| Complete 
| 125|0x00000000a9f00000, 0x00000000aa000000, 0x00000000aa000000|100%|HC|  |TAMS 0x00000000a9f00000, 0x00000000a9f00000| Complete 
| 126|0x00000000aa000000, 0x00000000aa100000, 0x00000000aa100000|100%|HC|  |TAMS 0x00000000aa000000, 0x00000000aa000000| Complete 
| 127|0x00000000aa100000, 0x00000000aa200000, 0x00000000aa200000|100%|HC|  |TAMS 0x00000000aa100000, 0x00000000aa100000| Complete 
| 128|0x00000000aa200000, 0x00000000aa300000, 0x00000000aa300000|100%|HC|  |TAMS 0x00000000aa200000, 0x00000000aa200000| Complete 
| 129|0x00000000aa300000, 0x00000000aa400000, 0x00000000aa400000|100%|HC|  |TAMS 0x00000000aa300000, 0x00000000aa300000| Complete 
| 130|0x00000000aa400000, 0x00000000aa500000, 0x00000000aa500000|100%|HC|  |TAMS 0x00000000aa400000, 0x00000000aa400000| Complete 
| 131|0x00000000aa500000, 0x00000000aa600000, 0x00000000aa600000|100%|HC|  |TAMS 0x00000000aa500000, 0x00000000aa500000| Complete 
| 132|0x00000000aa600000, 0x00000000aa700000, 0x00000000aa700000|100%|HC|  |TAMS 0x00000000aa600000, 0x00000000aa600000| Complete 
| 133|0x00000000aa700000, 0x00000000aa800000, 0x00000000aa800000|100%|HC|  |TAMS 0x00000000aa700000, 0x00000000aa700000| Complete 
| 134|0x00000000aa800000, 0x00000000aa900000, 0x00000000aa900000|100%|HC|  |TAMS 0x00000000aa800000, 0x00000000aa800000| Complete 
| 135|0x00000000aa900000, 0x00000000aaa00000, 0x00000000aaa00000|100%|HC|  |TAMS 0x00000000aa900000, 0x00000000aa900000| Complete 
| 136|0x00000000aaa00000, 0x00000000aab00000, 0x00000000aab00000|100%|HC|  |TAMS 0x00000000aaa00000, 0x00000000aaa00000| Complete 
| 137|0x00000000aab00000, 0x00000000aab00000, 0x00000000aac00000|  0%| F|  |TAMS 0x00000000aab00000, 0x00000000aab00000| Untracked 
| 138|0x00000000aac00000, 0x00000000aac00000, 0x00000000aad00000|  0%| F|  |TAMS 0x00000000aac00000, 0x00000000aac00000| Untracked 
| 139|0x00000000aad00000, 0x00000000aad00000, 0x00000000aae00000|  0%| F|  |TAMS 0x00000000aad00000, 0x00000000aad00000| Untracked 
| 140|0x00000000aae00000, 0x00000000aae00000, 0x00000000aaf00000|  0%| F|  |TAMS 0x00000000aae00000, 0x00000000aae00000| Untracked 
| 141|0x00000000aaf00000, 0x00000000aaf00000, 0x00000000ab000000|  0%| F|  |TAMS 0x00000000aaf00000, 0x00000000aaf00000| Untracked 
| 142|0x00000000ab000000, 0x00000000ab000000, 0x00000000ab100000|  0%| F|  |TAMS 0x00000000ab000000, 0x00000000ab000000| Untracked 
| 143|0x00000000ab100000, 0x00000000ab100000, 0x00000000ab200000|  0%| F|  |TAMS 0x00000000ab100000, 0x00000000ab100000| Untracked 
| 144|0x00000000ab200000, 0x00000000ab200000, 0x00000000ab300000|  0%| F|  |TAMS 0x00000000ab200000, 0x00000000ab200000| Untracked 
| 145|0x00000000ab300000, 0x00000000ab300000, 0x00000000ab400000|  0%| F|  |TAMS 0x00000000ab300000, 0x00000000ab300000| Untracked 
| 146|0x00000000ab400000, 0x00000000ab400000, 0x00000000ab500000|  0%| F|  |TAMS 0x00000000ab400000, 0x00000000ab400000| Untracked 
| 147|0x00000000ab500000, 0x00000000ab500000, 0x00000000ab600000|  0%| F|  |TAMS 0x00000000ab500000, 0x00000000ab500000| Untracked 
| 148|0x00000000ab600000, 0x00000000ab600000, 0x00000000ab700000|  0%| F|  |TAMS 0x00000000ab600000, 0x00000000ab600000| Untracked 
| 149|0x00000000ab700000, 0x00000000ab700000, 0x00000000ab800000|  0%| F|  |TAMS 0x00000000ab700000, 0x00000000ab700000| Untracked 
| 150|0x00000000ab800000, 0x00000000ab800000, 0x00000000ab900000|  0%| F|  |TAMS 0x00000000ab800000, 0x00000000ab800000| Untracked 
| 151|0x00000000ab900000, 0x00000000ab900000, 0x00000000aba00000|  0%| F|  |TAMS 0x00000000ab900000, 0x00000000ab900000| Untracked 
| 152|0x00000000aba00000, 0x00000000aba00000, 0x00000000abb00000|  0%| F|  |TAMS 0x00000000aba00000, 0x00000000aba00000| Untracked 
| 153|0x00000000abb00000, 0x00000000abb00000, 0x00000000abc00000|  0%| F|  |TAMS 0x00000000abb00000, 0x00000000abb00000| Untracked 
| 154|0x00000000abc00000, 0x00000000abc00000, 0x00000000abd00000|  0%| F|  |TAMS 0x00000000abc00000, 0x00000000abc00000| Untracked 
| 155|0x00000000abd00000, 0x00000000abd00000, 0x00000000abe00000|  0%| F|  |TAMS 0x00000000abd00000, 0x00000000abd00000| Untracked 
| 156|0x00000000abe00000, 0x00000000abe00000, 0x00000000abf00000|  0%| F|  |TAMS 0x00000000abe00000, 0x00000000abe00000| Untracked 
| 157|0x00000000abf00000, 0x00000000abf00000, 0x00000000ac000000|  0%| F|  |TAMS 0x00000000abf00000, 0x00000000abf00000| Untracked 
| 158|0x00000000ac000000, 0x00000000ac000000, 0x00000000ac100000|  0%| F|  |TAMS 0x00000000ac000000, 0x00000000ac000000| Untracked 
| 159|0x00000000ac100000, 0x00000000ac100000, 0x00000000ac200000|  0%| F|  |TAMS 0x00000000ac100000, 0x00000000ac100000| Untracked 
| 160|0x00000000ac200000, 0x00000000ac200000, 0x00000000ac300000|  0%| F|  |TAMS 0x00000000ac200000, 0x00000000ac200000| Untracked 
| 161|0x00000000ac300000, 0x00000000ac300000, 0x00000000ac400000|  0%| F|  |TAMS 0x00000000ac300000, 0x00000000ac300000| Untracked 
| 162|0x00000000ac400000, 0x00000000ac400000, 0x00000000ac500000|  0%| F|  |TAMS 0x00000000ac400000, 0x00000000ac400000| Untracked 
| 163|0x00000000ac500000, 0x00000000ac500000, 0x00000000ac600000|  0%| F|  |TAMS 0x00000000ac500000, 0x00000000ac500000| Untracked 
| 164|0x00000000ac600000, 0x00000000ac600000, 0x00000000ac700000|  0%| F|  |TAMS 0x00000000ac600000, 0x00000000ac600000| Untracked 
| 165|0x00000000ac700000, 0x00000000ac700000, 0x00000000ac800000|  0%| F|  |TAMS 0x00000000ac700000, 0x00000000ac700000| Untracked 
| 166|0x00000000ac800000, 0x00000000ac800000, 0x00000000ac900000|  0%| F|  |TAMS 0x00000000ac800000, 0x00000000ac800000| Untracked 
| 167|0x00000000ac900000, 0x00000000ac900000, 0x00000000aca00000|  0%| F|  |TAMS 0x00000000ac900000, 0x00000000ac900000| Untracked 
| 168|0x00000000aca00000, 0x00000000aca00000, 0x00000000acb00000|  0%| F|  |TAMS 0x00000000aca00000, 0x00000000aca00000| Untracked 
| 169|0x00000000acb00000, 0x00000000acb00000, 0x00000000acc00000|  0%| F|  |TAMS 0x00000000acb00000, 0x00000000acb00000| Untracked 
| 170|0x00000000acc00000, 0x00000000acc00000, 0x00000000acd00000|  0%| F|  |TAMS 0x00000000acc00000, 0x00000000acc00000| Untracked 
| 171|0x00000000acd00000, 0x00000000acd00000, 0x00000000ace00000|  0%| F|  |TAMS 0x00000000acd00000, 0x00000000acd00000| Untracked 
| 172|0x00000000ace00000, 0x00000000ace00000, 0x00000000acf00000|  0%| F|  |TAMS 0x00000000ace00000, 0x00000000ace00000| Untracked 
| 173|0x00000000acf00000, 0x00000000acf00000, 0x00000000ad000000|  0%| F|  |TAMS 0x00000000acf00000, 0x00000000acf00000| Untracked 
| 174|0x00000000ad000000, 0x00000000ad000000, 0x00000000ad100000|  0%| F|  |TAMS 0x00000000ad000000, 0x00000000ad000000| Untracked 
| 175|0x00000000ad100000, 0x00000000ad100000, 0x00000000ad200000|  0%| F|  |TAMS 0x00000000ad100000, 0x00000000ad100000| Untracked 
| 176|0x00000000ad200000, 0x00000000ad200000, 0x00000000ad300000|  0%| F|  |TAMS 0x00000000ad200000, 0x00000000ad200000| Untracked 
| 177|0x00000000ad300000, 0x00000000ad300000, 0x00000000ad400000|  0%| F|  |TAMS 0x00000000ad300000, 0x00000000ad300000| Untracked 
| 178|0x00000000ad400000, 0x00000000ad400000, 0x00000000ad500000|  0%| F|  |TAMS 0x00000000ad400000, 0x00000000ad400000| Untracked 
| 179|0x00000000ad500000, 0x00000000ad500000, 0x00000000ad600000|  0%| F|  |TAMS 0x00000000ad500000, 0x00000000ad500000| Untracked 
| 180|0x00000000ad600000, 0x00000000ad600000, 0x00000000ad700000|  0%| F|  |TAMS 0x00000000ad600000, 0x00000000ad600000| Untracked 
| 181|0x00000000ad700000, 0x00000000ad700000, 0x00000000ad800000|  0%| F|  |TAMS 0x00000000ad700000, 0x00000000ad700000| Untracked 
| 182|0x00000000ad800000, 0x00000000ad800000, 0x00000000ad900000|  0%| F|  |TAMS 0x00000000ad800000, 0x00000000ad800000| Untracked 
| 183|0x00000000ad900000, 0x00000000ad900000, 0x00000000ada00000|  0%| F|  |TAMS 0x00000000ad900000, 0x00000000ad900000| Untracked 
| 184|0x00000000ada00000, 0x00000000ada00000, 0x00000000adb00000|  0%| F|  |TAMS 0x00000000ada00000, 0x00000000ada00000| Untracked 
| 185|0x00000000adb00000, 0x00000000adb00000, 0x00000000adc00000|  0%| F|  |TAMS 0x00000000adb00000, 0x00000000adb00000| Untracked 
| 186|0x00000000adc00000, 0x00000000adc00000, 0x00000000add00000|  0%| F|  |TAMS 0x00000000adc00000, 0x00000000adc00000| Untracked 
| 187|0x00000000add00000, 0x00000000add00000, 0x00000000ade00000|  0%| F|  |TAMS 0x00000000add00000, 0x00000000add00000| Untracked 
| 188|0x00000000ade00000, 0x00000000ade00000, 0x00000000adf00000|  0%| F|  |TAMS 0x00000000ade00000, 0x00000000ade00000| Untracked 
| 189|0x00000000adf00000, 0x00000000adf00000, 0x00000000ae000000|  0%| F|  |TAMS 0x00000000adf00000, 0x00000000adf00000| Untracked 
| 190|0x00000000ae000000, 0x00000000ae000000, 0x00000000ae100000|  0%| F|  |TAMS 0x00000000ae000000, 0x00000000ae000000| Untracked 
| 191|0x00000000ae100000, 0x00000000ae100000, 0x00000000ae200000|  0%| F|  |TAMS 0x00000000ae100000, 0x00000000ae100000| Untracked 
| 192|0x00000000ae200000, 0x00000000ae200000, 0x00000000ae300000|  0%| F|  |TAMS 0x00000000ae200000, 0x00000000ae200000| Untracked 
| 193|0x00000000ae300000, 0x00000000ae300000, 0x00000000ae400000|  0%| F|  |TAMS 0x00000000ae300000, 0x00000000ae300000| Untracked 
| 194|0x00000000ae400000, 0x00000000ae400000, 0x00000000ae500000|  0%| F|  |TAMS 0x00000000ae400000, 0x00000000ae400000| Untracked 
| 195|0x00000000ae500000, 0x00000000ae500000, 0x00000000ae600000|  0%| F|  |TAMS 0x00000000ae500000, 0x00000000ae500000| Untracked 
| 196|0x00000000ae600000, 0x00000000ae600000, 0x00000000ae700000|  0%| F|  |TAMS 0x00000000ae600000, 0x00000000ae600000| Untracked 
| 197|0x00000000ae700000, 0x00000000ae700000, 0x00000000ae800000|  0%| F|  |TAMS 0x00000000ae700000, 0x00000000ae700000| Untracked 
| 198|0x00000000ae800000, 0x00000000ae800000, 0x00000000ae900000|  0%| F|  |TAMS 0x00000000ae800000, 0x00000000ae800000| Untracked 
| 199|0x00000000ae900000, 0x00000000ae900000, 0x00000000aea00000|  0%| F|  |TAMS 0x00000000ae900000, 0x00000000ae900000| Untracked 
| 200|0x00000000aea00000, 0x00000000aea00000, 0x00000000aeb00000|  0%| F|  |TAMS 0x00000000aea00000, 0x00000000aea00000| Untracked 
| 201|0x00000000aeb00000, 0x00000000aeb00000, 0x00000000aec00000|  0%| F|  |TAMS 0x00000000aeb00000, 0x00000000aeb00000| Untracked 
| 202|0x00000000aec00000, 0x00000000aec00000, 0x00000000aed00000|  0%| F|  |TAMS 0x00000000aec00000, 0x00000000aec00000| Untracked 
| 203|0x00000000aed00000, 0x00000000aed00000, 0x00000000aee00000|  0%| F|  |TAMS 0x00000000aed00000, 0x00000000aed00000| Untracked 
| 204|0x00000000aee00000, 0x00000000aee00000, 0x00000000aef00000|  0%| F|  |TAMS 0x00000000aee00000, 0x00000000aee00000| Untracked 
| 205|0x00000000aef00000, 0x00000000aef00000, 0x00000000af000000|  0%| F|  |TAMS 0x00000000aef00000, 0x00000000aef00000| Untracked 
| 206|0x00000000af000000, 0x00000000af000000, 0x00000000af100000|  0%| F|  |TAMS 0x00000000af000000, 0x00000000af000000| Untracked 
| 207|0x00000000af100000, 0x00000000af100000, 0x00000000af200000|  0%| F|  |TAMS 0x00000000af100000, 0x00000000af100000| Untracked 
| 208|0x00000000af200000, 0x00000000af200000, 0x00000000af300000|  0%| F|  |TAMS 0x00000000af200000, 0x00000000af200000| Untracked 
| 209|0x00000000af300000, 0x00000000af300000, 0x00000000af400000|  0%| F|  |TAMS 0x00000000af300000, 0x00000000af300000| Untracked 
| 210|0x00000000af400000, 0x00000000af400000, 0x00000000af500000|  0%| F|  |TAMS 0x00000000af400000, 0x00000000af400000| Untracked 
| 211|0x00000000af500000, 0x00000000af500000, 0x00000000af600000|  0%| F|  |TAMS 0x00000000af500000, 0x00000000af500000| Untracked 
| 212|0x00000000af600000, 0x00000000af600000, 0x00000000af700000|  0%| F|  |TAMS 0x00000000af600000, 0x00000000af600000| Untracked 
| 213|0x00000000af700000, 0x00000000af700000, 0x00000000af800000|  0%| F|  |TAMS 0x00000000af700000, 0x00000000af700000| Untracked 
| 214|0x00000000af800000, 0x00000000af800000, 0x00000000af900000|  0%| F|  |TAMS 0x00000000af800000, 0x00000000af800000| Untracked 
| 215|0x00000000af900000, 0x00000000af900000, 0x00000000afa00000|  0%| F|  |TAMS 0x00000000af900000, 0x00000000af900000| Untracked 
| 216|0x00000000afa00000, 0x00000000afa00000, 0x00000000afb00000|  0%| F|  |TAMS 0x00000000afa00000, 0x00000000afa00000| Untracked 
| 217|0x00000000afb00000, 0x00000000afb00000, 0x00000000afc00000|  0%| F|  |TAMS 0x00000000afb00000, 0x00000000afb00000| Untracked 
| 218|0x00000000afc00000, 0x00000000afc00000, 0x00000000afd00000|  0%| F|  |TAMS 0x00000000afc00000, 0x00000000afc00000| Untracked 
| 219|0x00000000afd00000, 0x00000000afd00000, 0x00000000afe00000|  0%| F|  |TAMS 0x00000000afd00000, 0x00000000afd00000| Untracked 
| 220|0x00000000afe00000, 0x00000000afe00000, 0x00000000aff00000|  0%| F|  |TAMS 0x00000000afe00000, 0x00000000afe00000| Untracked 
| 221|0x00000000aff00000, 0x00000000aff00000, 0x00000000b0000000|  0%| F|  |TAMS 0x00000000aff00000, 0x00000000aff00000| Untracked 
| 222|0x00000000b0000000, 0x00000000b0000000, 0x00000000b0100000|  0%| F|  |TAMS 0x00000000b0000000, 0x00000000b0000000| Untracked 
| 223|0x00000000b0100000, 0x00000000b0100000, 0x00000000b0200000|  0%| F|  |TAMS 0x00000000b0100000, 0x00000000b0100000| Untracked 
| 224|0x00000000b0200000, 0x00000000b0200000, 0x00000000b0300000|  0%| F|  |TAMS 0x00000000b0200000, 0x00000000b0200000| Untracked 
| 225|0x00000000b0300000, 0x00000000b033e6e8, 0x00000000b0400000| 24%| E|  |TAMS 0x00000000b0300000, 0x00000000b0300000| Complete 
| 226|0x00000000b0400000, 0x00000000b0500000, 0x00000000b0500000|100%| E|CS|TAMS 0x00000000b0400000, 0x00000000b0400000| Complete 
| 227|0x00000000b0500000, 0x00000000b0600000, 0x00000000b0600000|100%| E|CS|TAMS 0x00000000b0500000, 0x00000000b0500000| Complete 
| 228|0x00000000b0600000, 0x00000000b0700000, 0x00000000b0700000|100%| E|CS|TAMS 0x00000000b0600000, 0x00000000b0600000| Complete 

Card table byte_map: [0x000001bdbe2c0000,0x000001bdbe5b0000] _byte_map_base: 0x000001bdbddaf000

Marking Bits (Prev, Next): (CMBitMap*) 0x000001bda5341c90, (CMBitMap*) 0x000001bda5341cd0
 Prev Bits: [0x000001bdbe8a0000, 0x000001bdc0018000)
 Next Bits: [0x000001bdc0020000, 0x000001bdc1798000)

Polling page: 0x000001bda53c0000

Metaspace:

Usage:
  Non-class:     24.90 MB used.
      Class:      3.81 MB used.
       Both:     28.71 MB used.

Virtual space:
  Non-class space:       32.00 MB reserved,      25.12 MB ( 79%) committed,  4 nodes.
      Class space:        1.00 GB reserved,       3.94 MB ( <1%) committed,  1 nodes.
             Both:        1.03 GB reserved,      29.06 MB (  3%) committed. 

Chunk freelists:
   Non-Class:  2.02 MB
       Class:  16.00 KB
        Both:  2.03 MB

MaxMetaspaceSize: unlimited
CompressedClassSpaceSize: 1.00 GB
Initial GC threshold: 21.00 MB
Current GC threshold: 46.81 MB
CDS: on
MetaspaceReclaimPolicy: balanced
 - commit_granule_bytes: 65536.
 - commit_granule_words: 8192.
 - virtual_space_node_default_size: 1048576.
 - enlarge_chunks_in_place: 1.
 - new_chunks_are_fully_committed: 0.
 - uncommit_free_chunks: 1.
 - use_allocation_guard: 0.
 - handle_deallocations: 1.


Internal statistics:

num_allocs_failed_limit: 3.
num_arena_births: 490.
num_arena_deaths: 62.
num_vsnodes_births: 5.
num_vsnodes_deaths: 0.
num_space_committed: 465.
num_space_uncommitted: 0.
num_chunks_returned_to_freelist: 96.
num_chunks_taken_from_freelist: 1359.
num_chunk_merges: 36.
num_chunk_splits: 918.
num_chunks_enlarged: 648.
num_purges: 4.
num_inconsistent_stats: 0.

CodeHeap 'non-profiled nmethods': size=120000Kb used=1326Kb max_used=1326Kb free=118673Kb
 bounds [0x000001bdb5e00000, 0x000001bdb6070000, 0x000001bdbd330000]
CodeHeap 'profiled nmethods': size=120000Kb used=6446Kb max_used=6446Kb free=113554Kb
 bounds [0x000001bdae8d0000, 0x000001bdaef20000, 0x000001bdb5e00000]
CodeHeap 'non-nmethods': size=5760Kb used=1286Kb max_used=1287Kb free=4473Kb
 bounds [0x000001bdae330000, 0x000001bdae5a0000, 0x000001bdae8d0000]
 total_blobs=3833 nmethods=3229 adapters=516
 compilation: enabled
              stopped_count=0, restarted_count=0
 full_count=0

Compilation events (20 events):
Event: 14.072 Thread 0x000001bdc44598a0 3222       3       com.google.common.base.Preconditions::checkPositionIndex (8 bytes)
Event: 14.072 Thread 0x000001bdc44598a0 nmethod 3222 0x000001bdaef0e890 code [0x000001bdaef0ea20, 0x000001bdaef0eb48]
Event: 14.072 Thread 0x000001bdc44598a0 3223       3       com.google.common.base.Preconditions::checkPositionIndex (25 bytes)
Event: 14.072 Thread 0x000001bdc44598a0 nmethod 3223 0x000001bdaef0ec10 code [0x000001bdaef0edc0, 0x000001bdaef0f038]
Event: 14.105 Thread 0x000001bdc44598a0 3224       3       java.util.Collections$UnmodifiableMap::getOrDefault (12 bytes)
Event: 14.105 Thread 0x000001bdc44598a0 nmethod 3224 0x000001bdaef0f190 code [0x000001bdaef0f340, 0x000001bdaef0f508]
Event: 14.105 Thread 0x000001bdc44598a0 3225       3       org.openqa.selenium.json.NumberCoercer::test (21 bytes)
Event: 14.105 Thread 0x000001bdc44598a0 nmethod 3225 0x000001bdaef0f610 code [0x000001bdaef0f7e0, 0x000001bdaef0fb78]
Event: 14.116 Thread 0x000001bdc44598a0 3227       3       org.openqa.selenium.json.JsonInput::readString (121 bytes)
Event: 14.120 Thread 0x000001bdc44598a0 nmethod 3227 0x000001bdaef0fd10 code [0x000001bdaef10080, 0x000001bdaef11208]
Event: 14.120 Thread 0x000001bdc44598a0 3228       3       org.openqa.selenium.json.JsonTypeCoercer::coerce (43 bytes)
Event: 14.124 Thread 0x000001bdc44598a0 nmethod 3228 0x000001bdaef11910 code [0x000001bdaef11b40, 0x000001bdaef124f8]
Event: 14.137 Thread 0x000001bdc44598a0 3229       3       org.openqa.selenium.json.JsonTypeCoercer::lambda$buildCoercer$6 (24 bytes)
Event: 14.138 Thread 0x000001bdc44598a0 nmethod 3229 0x000001bdaef12810 code [0x000001bdaef12a00, 0x000001bdaef12e28]
Event: 14.138 Thread 0x000001bdc44598a0 3230       3       org.openqa.selenium.json.JsonTypeCoercer$$Lambda$1079/0x0000000800f6db38::apply (16 bytes)
Event: 14.138 Thread 0x000001bdc44598a0 nmethod 3230 0x000001bdaef13010 code [0x000001bdaef13220, 0x000001bdaef138c8]
Event: 14.266 Thread 0x000001bdc44598a0 3232       3       java.io.DataInputStream::readFully (9 bytes)
Event: 14.267 Thread 0x000001bdc44598a0 nmethod 3232 0x000001bdaef13b10 code [0x000001bdaef13cc0, 0x000001bdaef13e08]
Event: 14.277 Thread 0x000001bdc44598a0 3234       3       java.util.concurrent.ConcurrentHashMap$KeyIterator::next (34 bytes)
Event: 14.278 Thread 0x000001bdc44598a0 nmethod 3234 0x000001bdaef13f10 code [0x000001bdaef140c0, 0x000001bdaef14378]

GC Heap History (18 events):
Event: 1.044 GC heap before
{Heap before GC invocations=0 (full 0):
 garbage-first heap   total 96256K, used 22528K [0x00000000a2200000, 0x0000000100000000)
  region size 1024K, 23 young (23552K), 0 survivors (0K)
 Metaspace       used 6486K, committed 6784K, reserved 1056768K
  class space    used 739K, committed 896K, reserved 1048576K
}
Event: 1.051 GC heap after
{Heap after GC invocations=1 (full 0):
 garbage-first heap   total 96256K, used 5840K [0x00000000a2200000, 0x0000000100000000)
  region size 1024K, 3 young (3072K), 3 survivors (3072K)
 Metaspace       used 6486K, committed 6784K, reserved 1056768K
  class space    used 739K, committed 896K, reserved 1048576K
}
Event: 1.657 GC heap before
{Heap before GC invocations=1 (full 0):
 garbage-first heap   total 96256K, used 33488K [0x00000000a2200000, 0x0000000100000000)
  region size 1024K, 30 young (30720K), 3 survivors (3072K)
 Metaspace       used 12441K, committed 12672K, reserved 1064960K
  class space    used 1442K, committed 1536K, reserved 1048576K
}
Event: 1.667 GC heap after
{Heap after GC invocations=2 (full 0):
 garbage-first heap   total 96256K, used 8580K [0x00000000a2200000, 0x0000000100000000)
  region size 1024K, 3 young (3072K), 3 survivors (3072K)
 Metaspace       used 12441K, committed 12672K, reserved 1064960K
  class space    used 1442K, committed 1536K, reserved 1048576K
}
Event: 2.493 GC heap before
{Heap before GC invocations=2 (full 0):
 garbage-first heap   total 96256K, used 57732K [0x00000000a2200000, 0x0000000100000000)
  region size 1024K, 52 young (53248K), 3 survivors (3072K)
 Metaspace       used 18281K, committed 18624K, reserved 1073152K
  class space    used 2170K, committed 2304K, reserved 1048576K
}
Event: 2.497 GC heap after
{Heap after GC invocations=3 (full 0):
 garbage-first heap   total 96256K, used 12374K [0x00000000a2200000, 0x0000000100000000)
  region size 1024K, 7 young (7168K), 7 survivors (7168K)
 Metaspace       used 18281K, committed 18624K, reserved 1073152K
  class space    used 2170K, committed 2304K, reserved 1048576K
}
Event: 2.692 GC heap before
{Heap before GC invocations=3 (full 0):
 garbage-first heap   total 96256K, used 17494K [0x00000000a2200000, 0x0000000100000000)
  region size 1024K, 14 young (14336K), 7 survivors (7168K)
 Metaspace       used 21148K, committed 21504K, reserved 1073152K
  class space    used 2507K, committed 2688K, reserved 1048576K
}
Event: 2.696 GC heap after
{Heap after GC invocations=4 (full 0):
 garbage-first heap   total 96256K, used 13250K [0x00000000a2200000, 0x0000000100000000)
  region size 1024K, 2 young (2048K), 2 survivors (2048K)
 Metaspace       used 21148K, committed 21504K, reserved 1073152K
  class space    used 2507K, committed 2688K, reserved 1048576K
}
Event: 3.156 GC heap before
{Heap before GC invocations=5 (full 0):
 garbage-first heap   total 51200K, used 40898K [0x00000000a2200000, 0x0000000100000000)
  region size 1024K, 30 young (30720K), 2 survivors (2048K)
 Metaspace       used 25749K, committed 26240K, reserved 1073152K
  class space    used 3344K, committed 3584K, reserved 1048576K
}
Event: 3.159 GC heap after
{Heap after GC invocations=6 (full 0):
 garbage-first heap   total 51200K, used 14849K [0x00000000a2200000, 0x0000000100000000)
  region size 1024K, 3 young (3072K), 3 survivors (3072K)
 Metaspace       used 25749K, committed 26240K, reserved 1073152K
  class space    used 3344K, committed 3584K, reserved 1048576K
}
Event: 3.164 GC heap before
{Heap before GC invocations=6 (full 0):
 garbage-first heap   total 51200K, used 15873K [0x00000000a2200000, 0x0000000100000000)
  region size 1024K, 4 young (4096K), 3 survivors (3072K)
 Metaspace       used 25826K, committed 26304K, reserved 1073152K
  class space    used 3351K, committed 3584K, reserved 1048576K
}
Event: 3.166 GC heap after
{Heap after GC invocations=7 (full 0):
 garbage-first heap   total 51200K, used 15063K [0x00000000a2200000, 0x0000000100000000)
  region size 1024K, 1 young (1024K), 1 survivors (1024K)
 Metaspace       used 25826K, committed 26304K, reserved 1073152K
  class space    used 3351K, committed 3584K, reserved 1048576K
}
Event: 3.448 GC heap before
{Heap before GC invocations=7 (full 0):
 garbage-first heap   total 51200K, used 29399K [0x00000000a2200000, 0x0000000100000000)
  region size 1024K, 16 young (16384K), 1 survivors (1024K)
 Metaspace       used 28322K, committed 28736K, reserved 1081344K
  class space    used 3738K, committed 3904K, reserved 1048576K
}
Event: 3.451 GC heap after
{Heap after GC invocations=8 (full 0):
 garbage-first heap   total 51200K, used 16477K [0x00000000a2200000, 0x0000000100000000)
  region size 1024K, 2 young (2048K), 2 survivors (2048K)
 Metaspace       used 28322K, committed 28736K, reserved 1081344K
  class space    used 3738K, committed 3904K, reserved 1048576K
}
Event: 3.465 GC heap before
{Heap before GC invocations=8 (full 0):
 garbage-first heap   total 104448K, used 86109K [0x00000000a2200000, 0x0000000100000000)
  region size 1024K, 2 young (2048K), 2 survivors (2048K)
 Metaspace       used 28322K, committed 28736K, reserved 1081344K
  class space    used 3738K, committed 3904K, reserved 1048576K
}
Event: 3.466 GC heap after
{Heap after GC invocations=9 (full 0):
 garbage-first heap   total 104448K, used 86085K [0x00000000a2200000, 0x0000000100000000)
  region size 1024K, 0 young (0K), 0 survivors (0K)
 Metaspace       used 28322K, committed 28736K, reserved 1081344K
  class space    used 3738K, committed 3904K, reserved 1048576K
}
Event: 3.480 GC heap before
{Heap before GC invocations=9 (full 0):
 garbage-first heap   total 104448K, used 103493K [0x00000000a2200000, 0x0000000100000000)
  region size 1024K, 0 young (0K), 0 survivors (0K)
 Metaspace       used 28322K, committed 28736K, reserved 1081344K
  class space    used 3738K, committed 3904K, reserved 1048576K
}
Event: 3.481 GC heap after
{Heap after GC invocations=10 (full 0):
 garbage-first heap   total 104448K, used 103493K [0x00000000a2200000, 0x0000000100000000)
  region size 1024K, 0 young (0K), 0 survivors (0K)
 Metaspace       used 28322K, committed 28736K, reserved 1081344K
  class space    used 3738K, committed 3904K, reserved 1048576K
}

Deoptimization events (20 events):
Event: 2.958 Thread 0x000001bdc50aa3b0 DEOPT PACKING pc=0x000001bdb5e733dc sp=0x000000774a1fdc10
Event: 2.958 Thread 0x000001bdc50a6ec0 DEOPT PACKING pc=0x000001bdb5e733dc sp=0x000000774a2fdaa0
Event: 2.958 Thread 0x000001bdc50a69f0 DEOPT PACKING pc=0x000001bdb5e733dc sp=0x000000774a4fda30
Event: 2.958 Thread 0x000001bdc50aa3b0 DEOPT UNPACKING pc=0x000001bdae3823a3 sp=0x000000774a1fdbc0 mode 2
Event: 2.958 Thread 0x000001bdc50a6ec0 DEOPT UNPACKING pc=0x000001bdae3823a3 sp=0x000000774a2fda50 mode 2
Event: 2.958 Thread 0x000001bdc50a69f0 DEOPT UNPACKING pc=0x000001bdae3823a3 sp=0x000000774a4fd9e0 mode 2
Event: 3.090 Thread 0x000001bdc50a69f0 Uncommon trap: trap_request=0xffffff45 fr.pc=0x000001bdb5e95164 relative=0x0000000000005464
Event: 3.090 Thread 0x000001bdc50a69f0 Uncommon trap: reason=unstable_if action=reinterpret pc=0x000001bdb5e95164 method=jdk.internal.org.objectweb.asm.Type.getArgumentsAndReturnSizes(Ljava/lang/String;)I @ 123 c2
Event: 3.090 Thread 0x000001bdc50a69f0 DEOPT PACKING pc=0x000001bdb5e95164 sp=0x000000774a4fbfb0
Event: 3.090 Thread 0x000001bdc50a69f0 DEOPT UNPACKING pc=0x000001bdae3823a3 sp=0x000000774a4fbe68 mode 2
Event: 3.130 Thread 0x000001bdc50a69f0 Uncommon trap: trap_request=0xffffff45 fr.pc=0x000001bdb5ea7484 relative=0x0000000000000084
Event: 3.130 Thread 0x000001bdc50a69f0 Uncommon trap: reason=unstable_if action=reinterpret pc=0x000001bdb5ea7484 method=java.lang.CharacterDataLatin1.isWhitespace(I)Z @ 14 c2
Event: 3.130 Thread 0x000001bdc50a69f0 DEOPT PACKING pc=0x000001bdb5ea7484 sp=0x000000774a4fd8b0
Event: 3.130 Thread 0x000001bdc50a69f0 DEOPT UNPACKING pc=0x000001bdae3823a3 sp=0x000000774a4fd820 mode 2
Event: 13.728 Thread 0x000001bdc64205a0 DEOPT PACKING pc=0x000001bdaed7e790 sp=0x000000774daf9e20
Event: 13.730 Thread 0x000001bdc64205a0 DEOPT UNPACKING pc=0x000001bdae382b43 sp=0x000000774daf9320 mode 0
Event: 14.103 Thread 0x000001bdc50a69f0 Uncommon trap: trap_request=0xffffffde fr.pc=0x000001bdb5f3f584 relative=0x00000000000000e4
Event: 14.103 Thread 0x000001bdc50a69f0 Uncommon trap: reason=class_check action=maybe_recompile pc=0x000001bdb5f3f584 method=org.openqa.selenium.json.Input.fill()Z @ 85 c2
Event: 14.103 Thread 0x000001bdc50a69f0 DEOPT PACKING pc=0x000001bdb5f3f584 sp=0x000000774a4fd650
Event: 14.103 Thread 0x000001bdc50a69f0 DEOPT UNPACKING pc=0x000001bdae3823a3 sp=0x000000774a4fd5d0 mode 2

Classes unloaded (20 events):
Event: 3.492 Thread 0x000001bdc4404c40 Unloading class 0x0000000800f8c800 'java/lang/invoke/LambdaForm$DMH+0x0000000800f8c800'
Event: 3.492 Thread 0x000001bdc4404c40 Unloading class 0x0000000800f8c400 'java/lang/invoke/LambdaForm$DMH+0x0000000800f8c400'
Event: 3.492 Thread 0x000001bdc4404c40 Unloading class 0x0000000800f81000 'java/lang/invoke/LambdaForm$DMH+0x0000000800f81000'
Event: 3.492 Thread 0x000001bdc4404c40 Unloading class 0x0000000800f81800 'java/lang/invoke/LambdaForm$DMH+0x0000000800f81800'
Event: 3.492 Thread 0x000001bdc4404c40 Unloading class 0x0000000800f81400 'java/lang/invoke/LambdaForm$DMH+0x0000000800f81400'
Event: 3.492 Thread 0x000001bdc4404c40 Unloading class 0x0000000800f80c00 'java/lang/invoke/LambdaForm$DMH+0x0000000800f80c00'
Event: 3.492 Thread 0x000001bdc4404c40 Unloading class 0x0000000800f80400 'java/lang/invoke/LambdaForm$DMH+0x0000000800f80400'
Event: 3.492 Thread 0x000001bdc4404c40 Unloading class 0x0000000800f80000 'java/lang/invoke/LambdaForm$DMH+0x0000000800f80000'
Event: 3.492 Thread 0x000001bdc4404c40 Unloading class 0x0000000800f0f400 'java/lang/invoke/LambdaForm$DMH+0x0000000800f0f400'
Event: 3.492 Thread 0x000001bdc4404c40 Unloading class 0x0000000800f0f000 'java/lang/invoke/LambdaForm$DMH+0x0000000800f0f000'
Event: 3.492 Thread 0x000001bdc4404c40 Unloading class 0x0000000800f0e800 'java/lang/invoke/LambdaForm$DMH+0x0000000800f0e800'
Event: 3.492 Thread 0x000001bdc4404c40 Unloading class 0x0000000800f0e400 'java/lang/invoke/LambdaForm$DMH+0x0000000800f0e400'
Event: 3.492 Thread 0x000001bdc4404c40 Unloading class 0x0000000800f0ec00 'java/lang/invoke/LambdaForm$DMH+0x0000000800f0ec00'
Event: 3.492 Thread 0x000001bdc4404c40 Unloading class 0x0000000800f0e000 'java/lang/invoke/LambdaForm$DMH+0x0000000800f0e000'
Event: 3.492 Thread 0x000001bdc4404c40 Unloading class 0x0000000800f0d000 'java/lang/invoke/LambdaForm$DMH+0x0000000800f0d000'
Event: 3.492 Thread 0x000001bdc4404c40 Unloading class 0x0000000800f0cc00 'java/lang/invoke/LambdaForm$DMH+0x0000000800f0cc00'
Event: 3.492 Thread 0x000001bdc4404c40 Unloading class 0x0000000800f0d800 'java/lang/invoke/LambdaForm$DMH+0x0000000800f0d800'
Event: 3.492 Thread 0x000001bdc4404c40 Unloading class 0x0000000800f0d400 'java/lang/invoke/LambdaForm$DMH+0x0000000800f0d400'
Event: 3.492 Thread 0x000001bdc4404c40 Unloading class 0x0000000800f0c000 'java/lang/invoke/LambdaForm$DMH+0x0000000800f0c000'
Event: 3.492 Thread 0x000001bdc4404c40 Unloading class 0x0000000800f0c800 'java/lang/invoke/LambdaForm$DMH+0x0000000800f0c800'

Classes redefined (0 events):
No events

Internal exceptions (20 events):
Event: 3.055 Thread 0x000001bdc7be1c80 Exception <a 'java/net/SocketException'{0x00000000a3fc7668}: Socket is not connected: shutdown> (0x00000000a3fc7668) 
thrown [s\open\src\hotspot\share\prims\jni.cpp, line 535]
Event: 3.090 Thread 0x000001bdc50a69f0 Exception <a 'java/lang/NoSuchMethodError'{0x00000000a3b418b8}: 'double java.lang.invoke.DirectMethodHandle$Holder.invokeVirtual(java.lang.Object, java.lang.Object)'> (0x00000000a3b418b8) 
thrown [s\open\src\hotspot\share\interpreter\linkResolver.cpp, line 759]
Event: 3.091 Thread 0x000001bdc50a69f0 Exception <a 'java/lang/NoSuchMethodError'{0x00000000a3b48060}: 'float java.lang.invoke.DirectMethodHandle$Holder.invokeVirtual(java.lang.Object, java.lang.Object)'> (0x00000000a3b48060) 
thrown [s\open\src\hotspot\share\interpreter\linkResolver.cpp, line 759]
Event: 3.092 Thread 0x000001bdc50a69f0 Exception <a 'java/lang/NoSuchMethodError'{0x00000000a3b51040}: 'long java.lang.invoke.DirectMethodHandle$Holder.invokeVirtual(java.lang.Object, java.lang.Object)'> (0x00000000a3b51040) 
thrown [s\open\src\hotspot\share\interpreter\linkResolver.cpp, line 759]
Event: 3.117 Thread 0x000001bdc50a69f0 Exception <a 'java/lang/NoSuchMethodError'{0x00000000a3aa3860}: 'void java.lang.invoke.DirectMethodHandle$Holder.invokeStatic(java.lang.Object, java.lang.Object, int)'> (0x00000000a3aa3860) 
thrown [s\open\src\hotspot\share\interpreter\linkResolver.cpp, line 759]
Event: 3.155 Thread 0x000001bdc50a6ec0 Exception <a 'java/lang/NoSuchMethodError'{0x00000000a37fb760}: 'int java.lang.invoke.DirectMethodHandle$Holder.invokeSpecialIFC(java.lang.Object, java.lang.Object, java.lang.Object)'> (0x00000000a37fb760) 
thrown [s\open\src\hotspot\share\interpreter\linkResolver.cpp, line 759]
Event: 3.155 Thread 0x000001bdc50a8ba0 Exception <a 'java/lang/NoSuchMethodError'{0x00000000a36ec030}: 'int java.lang.invoke.DirectMethodHandle$Holder.invokeSpecialIFC(java.lang.Object, java.lang.Object, java.lang.Object)'> (0x00000000a36ec030) 
thrown [s\open\src\hotspot\share\interpreter\linkResolver.cpp, line 759]
Event: 3.155 Thread 0x000001bdc50a69f0 Exception <a 'java/lang/NoSuchMethodError'{0x00000000a3670f70}: 'int java.lang.invoke.DirectMethodHandle$Holder.invokeSpecialIFC(java.lang.Object, java.lang.Object, java.lang.Object)'> (0x00000000a3670f70) 
thrown [s\open\src\hotspot\share\interpreter\linkResolver.cpp, line 759]
Event: 3.155 Thread 0x000001bdc50a7860 Exception <a 'java/lang/NoSuchMethodError'{0x00000000a360d9d8}: 'int java.lang.invoke.DirectMethodHandle$Holder.invokeSpecialIFC(java.lang.Object, java.lang.Object, java.lang.Object)'> (0x00000000a360d9d8) 
thrown [s\open\src\hotspot\share\interpreter\linkResolver.cpp, line 759]
Event: 3.155 Thread 0x000001bdc50a7390 Exception <a 'java/lang/NoSuchMethodError'{0x00000000a37e2068}: 'int java.lang.invoke.DirectMethodHandle$Holder.invokeSpecialIFC(java.lang.Object, java.lang.Object, java.lang.Object)'> (0x00000000a37e2068) 
thrown [s\open\src\hotspot\share\interpreter\linkResolver.cpp, line 759]
Event: 3.155 Thread 0x000001bdc50a7d30 Exception <a 'java/lang/NoSuchMethodError'{0x00000000a36a8ad8}: 'int java.lang.invoke.DirectMethodHandle$Holder.invokeSpecialIFC(java.lang.Object, java.lang.Object, java.lang.Object)'> (0x00000000a36a8ad8) 
thrown [s\open\src\hotspot\share\interpreter\linkResolver.cpp, line 759]
Event: 3.155 Thread 0x000001bdc50aa3b0 Exception <a 'java/lang/NoSuchMethodError'{0x00000000a3664ac8}: 'int java.lang.invoke.DirectMethodHandle$Holder.invokeSpecialIFC(java.lang.Object, java.lang.Object, java.lang.Object)'> (0x00000000a3664ac8) 
thrown [s\open\src\hotspot\share\interpreter\linkResolver.cpp, line 759]
Event: 3.254 Thread 0x000001bdc50a69f0 Exception <a 'java/lang/NoSuchMethodError'{0x00000000a4ca4910}: 'void java.lang.invoke.DirectMethodHandle$Holder.invokeSpecial(java.lang.Object, java.lang.Object, java.lang.Object, java.lang.Object, java.lang.Object, java.lang.Object)'> (0x00000000a4ca4910) 
thrown [s\open\src\hotspot\share\interpreter\linkResolver.cpp, line 759]
Event: 3.254 Thread 0x000001bdc50a7860 Exception <a 'java/lang/NoSuchMethodError'{0x00000000a4c7cde8}: 'void java.lang.invoke.DirectMethodHandle$Holder.invokeSpecial(java.lang.Object, java.lang.Object, java.lang.Object, java.lang.Object, java.lang.Object, java.lang.Object)'> (0x00000000a4c7cde8) 
thrown [s\open\src\hotspot\share\interpreter\linkResolver.cpp, line 759]
Event: 3.254 Thread 0x000001bdc50a7d30 Exception <a 'java/lang/NoSuchMethodError'{0x00000000a4c8cc38}: 'void java.lang.invoke.DirectMethodHandle$Holder.invokeSpecial(java.lang.Object, java.lang.Object, java.lang.Object, java.lang.Object, java.lang.Object, java.lang.Object)'> (0x00000000a4c8cc38) 
thrown [s\open\src\hotspot\share\interpreter\linkResolver.cpp, line 759]
Event: 3.254 Thread 0x000001bdc50aa3b0 Exception <a 'java/lang/NoSuchMethodError'{0x00000000a4d99b38}: 'void java.lang.invoke.DirectMethodHandle$Holder.invokeSpecial(java.lang.Object, java.lang.Object, java.lang.Object, java.lang.Object, java.lang.Object, java.lang.Object)'> (0x00000000a4d99b38) 
thrown [s\open\src\hotspot\share\interpreter\linkResolver.cpp, line 759]
Event: 3.254 Thread 0x000001bdc50a6ec0 Exception <a 'java/lang/NoSuchMethodError'{0x00000000a4c3dd58}: 'void java.lang.invoke.DirectMethodHandle$Holder.invokeSpecial(java.lang.Object, java.lang.Object, java.lang.Object, java.lang.Object, java.lang.Object, java.lang.Object)'> (0x00000000a4c3dd58) 
thrown [s\open\src\hotspot\share\interpreter\linkResolver.cpp, line 759]
Event: 3.254 Thread 0x000001bdc50a8ba0 Exception <a 'java/lang/NoSuchMethodError'{0x00000000a4c07f50}: 'void java.lang.invoke.DirectMethodHandle$Holder.invokeSpecial(java.lang.Object, java.lang.Object, java.lang.Object, java.lang.Object, java.lang.Object, java.lang.Object)'> (0x00000000a4c07f50) 
thrown [s\open\src\hotspot\share\interpreter\linkResolver.cpp, line 759]
Event: 3.254 Thread 0x000001bdc50a7390 Exception <a 'java/lang/NoSuchMethodError'{0x00000000a4dc6800}: 'void java.lang.invoke.DirectMethodHandle$Holder.invokeSpecial(java.lang.Object, java.lang.Object, java.lang.Object, java.lang.Object, java.lang.Object, java.lang.Object)'> (0x00000000a4dc6800) 
thrown [s\open\src\hotspot\share\interpreter\linkResolver.cpp, line 759]
Event: 14.153 Thread 0x000001bdc50a69f0 Exception <a 'java/lang/NoSuchMethodError'{0x00000000b05f97e0}: 'java.lang.Object java.lang.invoke.DirectMethodHandle$Holder.invokeSpecialIFC(java.lang.Object, java.lang.Object, java.lang.Object)'> (0x00000000b05f97e0) 
thrown [s\open\src\hotspot\share\interpreter\linkResolver.cpp, line 759]

VM Operations (20 events):
Event: 3.073 Executing VM operation: HandshakeAllThreads
Event: 3.073 Executing VM operation: HandshakeAllThreads done
Event: 3.075 Executing VM operation: HandshakeAllThreads
Event: 3.075 Executing VM operation: HandshakeAllThreads done
Event: 3.155 Executing VM operation: G1CollectForAllocation
Event: 3.159 Executing VM operation: G1CollectForAllocation done
Event: 3.164 Executing VM operation: G1CollectForAllocation
Event: 3.166 Executing VM operation: G1CollectForAllocation done
Event: 3.196 Executing VM operation: HandshakeAllThreads
Event: 3.196 Executing VM operation: HandshakeAllThreads done
Event: 3.448 Executing VM operation: G1TryInitiateConcMark
Event: 3.451 Executing VM operation: G1TryInitiateConcMark done
Event: 3.452 Executing VM operation: G1CollectForAllocation
Event: 3.466 Executing VM operation: G1CollectForAllocation done
Event: 3.467 Executing VM operation: G1CollectForAllocation
Event: 3.481 Executing VM operation: G1CollectForAllocation done
Event: 3.491 Executing VM operation: G1Concurrent
Event: 3.496 Executing VM operation: G1Concurrent done
Event: 3.500 Executing VM operation: G1Concurrent
Event: 3.500 Executing VM operation: G1Concurrent done

Events (20 events):
Event: 14.250 loading class jdk/internal/logger/SimpleConsoleLogger done
Event: 14.250 loading class jdk/internal/logger/SurrogateLogger done
Event: 14.251 loading class jdk/internal/logger/SimpleConsoleLogger$Formatting
Event: 14.252 loading class jdk/internal/logger/SimpleConsoleLogger$Formatting done
Event: 14.254 loading class java/util/logging/Handler$1
Event: 14.254 loading class java/util/logging/Handler$1 done
Event: 14.254 loading class java/util/logging/StreamHandler$1
Event: 14.255 loading class java/util/logging/StreamHandler$1 done
Event: 14.255 loading class java/util/logging/LogManager$CloseOnReset
Event: 14.255 loading class java/util/logging/LogManager$CloseOnReset done
Event: 14.260 loading class java/time/zone/ZoneRulesProvider
Event: 14.261 loading class java/time/zone/ZoneRulesProvider done
Event: 14.261 loading class java/time/zone/ZoneRulesProvider$1
Event: 14.261 loading class java/time/zone/ZoneRulesProvider$1 done
Event: 14.261 loading class java/time/zone/TzdbZoneRulesProvider
Event: 14.262 loading class java/time/zone/TzdbZoneRulesProvider done
Event: 14.282 loading class java/time/zone/Ser
Event: 14.283 loading class java/io/Externalizable
Event: 14.283 loading class java/io/Externalizable done
Event: 14.283 loading class java/time/zone/Ser done


Dynamic libraries:
0x00007ff7f1930000 - 0x00007ff7f1940000 	C:\Program Files\Java\jdk-17.0.4.1\bin\java.exe
0x00007ffa949e0000 - 0x00007ffa94be9000 	C:\Windows\SYSTEM32\ntdll.dll
0x00007ffa93d20000 - 0x00007ffa93dde000 	C:\Windows\System32\KERNEL32.DLL
0x00007ffa91eb0000 - 0x00007ffa9222b000 	C:\Windows\System32\KERNELBASE.dll
0x00007ffa92740000 - 0x00007ffa92851000 	C:\Windows\System32\ucrtbase.dll
0x00007ffa7c7d0000 - 0x00007ffa7c7e8000 	C:\Program Files\Java\jdk-17.0.4.1\bin\jli.dll
0x00007ffa826c0000 - 0x00007ffa826da000 	C:\Program Files\Java\jdk-17.0.4.1\bin\VCRUNTIME140.dll
0x00007ffa92d00000 - 0x00007ffa92dae000 	C:\Windows\System32\ADVAPI32.dll
0x00007ffa946e0000 - 0x00007ffa94783000 	C:\Windows\System32\msvcrt.dll
0x00007ffa93050000 - 0x00007ffa930ee000 	C:\Windows\System32\sechost.dll
0x00007ffa92a90000 - 0x00007ffa92bb0000 	C:\Windows\System32\RPCRT4.dll
0x00007ffa92db0000 - 0x00007ffa92f5d000 	C:\Windows\System32\USER32.dll
0x00007ffa922b0000 - 0x00007ffa922d6000 	C:\Windows\System32\win32u.dll
0x00007ffa76280000 - 0x00007ffa76525000 	C:\Windows\WinSxS\amd64_microsoft.windows.common-controls_6595b64144ccf1df_6.0.22000.120_none_9d947278b86cc467\COMCTL32.dll
0x00007ffa94790000 - 0x00007ffa947b9000 	C:\Windows\System32\GDI32.dll
0x00007ffa92350000 - 0x00007ffa92468000 	C:\Windows\System32\gdi32full.dll
0x00007ffa92530000 - 0x00007ffa925cd000 	C:\Windows\System32\msvcp_win.dll
0x00007ffa8c1c0000 - 0x00007ffa8c1ca000 	C:\Windows\SYSTEM32\VERSION.dll
0x00007ffa93de0000 - 0x00007ffa93e12000 	C:\Windows\System32\IMM32.DLL
0x00007ffa88c80000 - 0x00007ffa88c8c000 	C:\Program Files\Java\jdk-17.0.4.1\bin\vcruntime140_1.dll
0x00007ffa73640000 - 0x00007ffa736cd000 	C:\Program Files\Java\jdk-17.0.4.1\bin\msvcp140.dll
0x00007ffa1b820000 - 0x00007ffa1c3e2000 	C:\Program Files\Java\jdk-17.0.4.1\bin\server\jvm.dll
0x00007ffa92960000 - 0x00007ffa92968000 	C:\Windows\System32\PSAPI.DLL
0x00007ffa68630000 - 0x00007ffa68639000 	C:\Windows\SYSTEM32\WSOCK32.dll
0x00007ffa92bb0000 - 0x00007ffa92c1f000 	C:\Windows\System32\WS2_32.dll
0x00007ffa8c650000 - 0x00007ffa8c683000 	C:\Windows\SYSTEM32\WINMM.dll
0x00007ffa90f30000 - 0x00007ffa90f48000 	C:\Windows\SYSTEM32\kernel.appcore.dll
0x00007ffa87f80000 - 0x00007ffa87f8a000 	C:\Program Files\Java\jdk-17.0.4.1\bin\jimage.dll
0x00007ffa8f810000 - 0x00007ffa8fa31000 	C:\Windows\SYSTEM32\DBGHELP.DLL
0x00007ffa80c40000 - 0x00007ffa80c71000 	C:\Windows\SYSTEM32\dbgcore.DLL
0x00007ffa92230000 - 0x00007ffa922af000 	C:\Windows\System32\bcryptPrimitives.dll
0x00007ffa8e190000 - 0x00007ffa8e19e000 	C:\Program Files\Java\jdk-17.0.4.1\bin\instrument.dll
0x00007ffa79260000 - 0x00007ffa79285000 	C:\Program Files\Java\jdk-17.0.4.1\bin\java.dll
0x00007ffa5fb10000 - 0x00007ffa5fbe6000 	C:\Program Files\Java\jdk-17.0.4.1\bin\jsvml.dll
0x00007ffa93560000 - 0x00007ffa93d17000 	C:\Windows\System32\SHELL32.dll
0x00007ffa8ffa0000 - 0x00007ffa90805000 	C:\Windows\SYSTEM32\windows.storage.dll
0x00007ffa942a0000 - 0x00007ffa94618000 	C:\Windows\System32\combase.dll
0x00007ffa8fe30000 - 0x00007ffa8ff96000 	C:\Windows\SYSTEM32\wintypes.dll
0x00007ffa92f60000 - 0x00007ffa9304a000 	C:\Windows\System32\SHCORE.dll
0x00007ffa94680000 - 0x00007ffa946dd000 	C:\Windows\System32\shlwapi.dll
0x00007ffa91de0000 - 0x00007ffa91e01000 	C:\Windows\SYSTEM32\profapi.dll
0x00007ffa73bd0000 - 0x00007ffa73be8000 	C:\Program Files\Java\jdk-17.0.4.1\bin\zip.dll
0x00007ffa792d0000 - 0x00007ffa792e9000 	C:\Program Files\Java\jdk-17.0.4.1\bin\net.dll
0x00007ffa8c8a0000 - 0x00007ffa8c9b4000 	C:\Windows\SYSTEM32\WINHTTP.dll
0x00007ffa91440000 - 0x00007ffa914a7000 	C:\Windows\system32\mswsock.dll
0x00007ffa754b0000 - 0x00007ffa754c6000 	C:\Program Files\Java\jdk-17.0.4.1\bin\nio.dll
0x00007ffa82220000 - 0x00007ffa8223a000 	C:\Program Files\JetBrains\IntelliJ IDEA Community Edition 2022.2.3\bin\breakgen64.dll
0x00007ffa87df0000 - 0x00007ffa87e00000 	C:\Program Files\Java\jdk-17.0.4.1\bin\verify.dll
0x00007ffa91680000 - 0x00007ffa91698000 	C:\Windows\SYSTEM32\CRYPTSP.dll
0x00007ffa90e90000 - 0x00007ffa90ec5000 	C:\Windows\system32\rsaenh.dll
0x00007ffa91530000 - 0x00007ffa91559000 	C:\Windows\SYSTEM32\USERENV.dll
0x00007ffa91890000 - 0x00007ffa918b7000 	C:\Windows\SYSTEM32\bcrypt.dll
0x00007ffa916a0000 - 0x00007ffa916ac000 	C:\Windows\SYSTEM32\CRYPTBASE.dll
0x00007ffa90aa0000 - 0x00007ffa90acd000 	C:\Windows\SYSTEM32\IPHLPAPI.DLL
0x00007ffa92950000 - 0x00007ffa92959000 	C:\Windows\System32\NSI.dll
0x00007ffa8c880000 - 0x00007ffa8c899000 	C:\Windows\SYSTEM32\dhcpcsvc6.DLL
0x00007ffa8ce50000 - 0x00007ffa8ce6e000 	C:\Windows\SYSTEM32\dhcpcsvc.DLL
0x00007ffa90ad0000 - 0x00007ffa90bb8000 	C:\Windows\SYSTEM32\DNSAPI.dll
0x00007ffa82210000 - 0x00007ffa8221e000 	C:\Program Files\Java\jdk-17.0.4.1\bin\sunmscapi.dll
0x00007ffa925d0000 - 0x00007ffa92732000 	C:\Windows\System32\CRYPT32.dll
0x00007ffa91860000 - 0x00007ffa91888000 	C:\Windows\SYSTEM32\ncrypt.dll
0x00007ffa917d0000 - 0x00007ffa91807000 	C:\Windows\SYSTEM32\NTASN1.dll
0x00007ffa84340000 - 0x00007ffa8434a000 	C:\Windows\System32\rasadhlp.dll
0x00007ffa89b70000 - 0x00007ffa89bf1000 	C:\Windows\System32\fwpuclnt.dll
0x00007ffa82750000 - 0x00007ffa82759000 	C:\Program Files\Java\jdk-17.0.4.1\bin\management.dll
0x00007ffa825d0000 - 0x00007ffa825db000 	C:\Program Files\Java\jdk-17.0.4.1\bin\management_ext.dll
0x00007ffa65530000 - 0x00007ffa65538000 	C:\Windows\system32\wshunix.dll
0x00007ffa24080000 - 0x00007ffa24097000 	C:\Windows\system32\napinsp.dll
0x00007ffa21800000 - 0x00007ffa2181b000 	C:\Windows\system32\pnrpnsp.dll
0x00007ffa1ea70000 - 0x00007ffa1ea82000 	C:\Windows\System32\winrnr.dll
0x00007ffa69d30000 - 0x00007ffa69d45000 	C:\Windows\system32\wshbth.dll
0x00007ffa36890000 - 0x00007ffa368af000 	C:\Windows\system32\nlansp_c.dll

dbghelp: loaded successfully - version: 4.0.5 - missing functions: none
symbol engine: initialized successfully - sym options: 0x614 - pdb path: .;C:\Program Files\Java\jdk-17.0.4.1\bin;C:\Windows\SYSTEM32;C:\Windows\WinSxS\amd64_microsoft.windows.common-controls_6595b64144ccf1df_6.0.22000.120_none_9d947278b86cc467;C:\Program Files\Java\jdk-17.0.4.1\bin\server;C:\Program Files\JetBrains\IntelliJ IDEA Community Edition 2022.2.3\bin

VM Arguments:
jvm_args: -ea -Didea.test.cyclic.buffer.size=1048576 -javaagent:C:\Program Files\JetBrains\IntelliJ IDEA Community Edition 2022.2.3\lib\idea_rt.jar=62064:C:\Program Files\JetBrains\IntelliJ IDEA Community Edition 2022.2.3\bin -Dfile.encoding=UTF-8 
java_command: com.intellij.rt.testng.RemoteTestNGStarter -usedefaultlisteners false -socket62063 @w@C:\Users\Fadhlillah\AppData\Local\Temp\idea_working_dirs_testng6.tmp -temp C:\Users\Fadhlillah\AppData\Local\Temp\idea_testng5.tmp
java_class_path (initial): C:\Program Files\JetBrains\IntelliJ IDEA Community Edition 2022.2.3\lib\idea_rt.jar;C:\Program Files\JetBrains\IntelliJ IDEA Community Edition 2022.2.3\plugins\testng\lib\testng-rt.jar;C:\Users\Fadhlillah\OneDrive\Documents\File Nadhil\git.server\java-cucumber-web-master\target\test-classes;C:\Users\Fadhlillah\OneDrive\Documents\File Nadhil\git.server\java-cucumber-web-master\target\classes;C:\Users\Fadhlillah\.m2\repository\io\cucumber\cucumber-java\7.8.1\cucumber-java-7.8.1.jar;C:\Users\Fadhlillah\.m2\repository\io\cucumber\cucumber-core\7.8.1\cucumber-core-7.8.1.jar;C:\Users\Fadhlillah\.m2\repository\io\cucumber\cucumber-gherkin\7.8.1\cucumber-gherkin-7.8.1.jar;C:\Users\Fadhlillah\.m2\repository\io\cucumber\cucumber-gherkin-messages\7.8.1\cucumber-gherkin-messages-7.8.1.jar;C:\Users\Fadhlillah\.m2\repository\io\cucumber\gherkin\24.0.0\gherkin-24.0.0.jar;C:\Users\Fadhlillah\.m2\repository\io\cucumber\messages\19.1.4\messages-19.1.4.jar;C:\Users\Fadhlillah\.m2\repository\io\cucumber\tag-expressions\4.1.0\tag-expressions-4.1.0.jar;C:\Users\Fadhlillah\.m2\repository\io\cucumber\cucumber-expressions\16.0.0\cucumber-expressions-16.0.0.jar;C:\Users\Fadhlillah\.m2\repository\io\cucumber\datatable\7.8.1\datatable-7.8.1.jar;C:\Users\Fadhlillah\.m2\repository\io\cucumber\cucumber-plugin\7.8.1\cucumber-plugin-7.8.1.jar;C:\Users\Fadhlillah\.m2\repository\io\cucumber\docstring\7.8.1\docstring-7.8.1.jar;C:\Users\Fadhlillah\.m2\repository\io\cucumber\html-formatter\20.1.0\html-formatter-20.1.0.jar;C:\Users\Fadhlillah\.m2\repository\io\cucumber\ci-environment\9.1.0\ci-environment-9.1.0.jar;C:\Users\Fadhlillah\.m2\repository\org\apiguardian\apiguardian-api\1.1.2\apiguardian-api-1.1.2.jar;C:\Users\Fadhlillah\.m2\repository\io\cucumber\cucumber-testng\7.8.1\cucumber-testng-7.8.1.jar;C:\Users\Fadhlillah\.m2\repository\org\testng\testng\7.6.1\testng-7.6.1.jar;C:\Users\Fadhlillah\.m2\repository\com\google\code\findbugs\jsr305\3.0.2\jsr305-3.0.2.jar;C:\Users
Launcher Type: SUN_STANDARD

[Global flags]
     intx CICompilerCount                          = 4                                         {product} {ergonomic}
     uint ConcGCThreads                            = 3                                         {product} {ergonomic}
     uint G1ConcRefinementThreads                  = 10                                        {product} {ergonomic}
   size_t G1HeapRegionSize                         = 1048576                                   {product} {ergonomic}
    uintx GCDrainStackTargetSize                   = 64                                        {product} {ergonomic}
   size_t InitialHeapSize                          = 98566144                                  {product} {ergonomic}
   size_t MarkStackSize                            = 4194304                                   {product} {ergonomic}
   size_t MaxHeapSize                              = 1574961152                                {product} {ergonomic}
   size_t MaxNewSize                               = 944766976                                 {product} {ergonomic}
   size_t MinHeapDeltaBytes                        = 1048576                                   {product} {ergonomic}
   size_t MinHeapSize                              = 8388608                                   {product} {ergonomic}
    uintx NonNMethodCodeHeapSize                   = 5839372                                {pd product} {ergonomic}
    uintx NonProfiledCodeHeapSize                  = 122909434                              {pd product} {ergonomic}
    uintx ProfiledCodeHeapSize                     = 122909434                              {pd product} {ergonomic}
    uintx ReservedCodeCacheSize                    = 251658240                              {pd product} {ergonomic}
     bool SegmentedCodeCache                       = true                                      {product} {ergonomic}
   size_t SoftMaxHeapSize                          = 1574961152                             {manageable} {ergonomic}
     bool UseCompressedClassPointers               = true                           {product lp64_product} {ergonomic}
     bool UseCompressedOops                        = true                           {product lp64_product} {ergonomic}
     bool UseG1GC                                  = true                                      {product} {ergonomic}
     bool UseLargePagesIndividualAllocation        = false                                  {pd product} {ergonomic}

Logging:
Log output configuration:
 #0: stdout all=warning uptime,level,tags
 #1: stderr all=off uptime,level,tags

Environment Variables:
JAVA_HOME=C:\Program Files\Java\jdk-17.0.4.1
PATH=C:\Program Files\Common Files\Oracle\Java\javapath;C:\Windows\system32;C:\Windows;C:\Windows\System32\Wbem;C:\Windows\System32\WindowsPowerShell\v1.0\;C:\Windows\System32\OpenSSH\;C:\Program Files\Git\cmd;C:\Program Files\nodejs\;C:\ProgramData\chocolatey\bin;C:\Users\Fadhlillah\AppData\Local\Android\Sdk\platform-tools;C:\Program Files\apache-maven-3.8.6\bin;C:\Users\Fadhlillah\AppData\Local\Microsoft\WindowsApps;C:\Users\Fadhlillah\AppData\Local\Programs\Microsoft VS Code\bin;C:\Users\Fadhlillah\AppData\Roaming\npm;C:\Program Files\JetBrains\IntelliJ IDEA Community Edition 2022.2.3\bin;;C:\Program Files\apache-maven-3.8.6\bin;
USERNAME=Fadhlillah
OS=Windows_NT
PROCESSOR_IDENTIFIER=AMD64 Family 23 Model 104 Stepping 1, AuthenticAMD



---------------  S Y S T E M  ---------------

OS:
 Windows 11 , 64 bit Build 22000 (10.0.22000.1335)
OS uptime: 10 days 2:51 hours

CPU: total 12 (initial active 12) (12 cores per cpu, 2 threads per core) family 23 model 104 stepping 1 microcode 0x0, cx8, cmov, fxsr, ht, mmx, 3dnowpref, sse, sse2, sse3, ssse3, sse4a, sse4.1, sse4.2, popcnt, lzcnt, tsc, tscinvbit, avx, avx2, aes, clmul, bmi1, bmi2, adx, sha, fma, vzeroupper, clflush, clflushopt

Memory: 4k page, system-wide physical 6005M (154M free)
TotalPageFile size 24437M (AvailPageFile size 137M)
current process WorkingSet (physical memory assigned to process): 226M, peak: 357M
current process commit charge ("private bytes"): 507M, peak: 509M

vm_info: Java HotSpot(TM) 64-Bit Server VM (17.0.4.1+1-LTS-2) for windows-amd64 JRE (17.0.4.1+1-LTS-2), built on Aug 16 2022 18:32:06 by "mach5one" with MS VC++ 16.8 / 16.9 (VS2019)

END.
